E, 0
0, 13
0, 13
0, 13
0, 13
1, 13
1, 13
1, 13
1, 13
2, 13
2, 13
2, 13
2, 13
3, 35
3, 13
3, 35
3, 13
4, 13
4, 13
4, 13
4, 13
5, 13
5, 35
5, 13
5, 13
6, 13
6, 13
6, 13
6, 13
7, 35
7, 13
7, 13
7, 13
8, 13
8, 13
8, 13
8, 13
9, 13
9, 13
9, 13
9, 13
10, 13
10, 13
10, 13
10, 13
11, 13
11, 13
11, 13
11, 13
12, 13
12, 13
12, 13
12, 13
13, 13
13, 13
13, 13
13, 13
14, 13
14, 13
14, 13
14, 13
15, 13
15, 13
15, 13
15, 13
16, 13
16, 13
16, 35
16, 13
17, 13
17, 13
17, 13
17, 13
18, 13
18, 35
18, 13
18, 13
19, 13
19, 13
19, 13
19, 13
20, 35
20, 13
20, 13
20, 13
21, 13
21, 13
21, 13
21, 13
22, 35
22, 35
22, 13
22, 13
23, 13
23, 13
23, 35
23, 13
24, 13
24, 13
24, 13
24, 13
25, 13
25, 35
25, 13
25, 13
26, 13
26, 13
26, 13
26, 13
27, 13
27, 13
27, 13
27, 13
28, 13
28, 13
28, 35
28, 13
29, 13
29, 13
29, 13
29, 13
30, 13
30, 13
30, 35
30, 13
31, 13
31, 13
31, 13
31, 35
32, 13
32, 35
32, 13
32, 13
33, 35
33, 13
33, 35
33, 13
34, 13
34, 35
34, 13
34, 13
35, 13
35, 13
35, 13
35, 13
36, 13
36, 35
36, 13
36, 13
37, 13
37, 13
37, 13
37, 13
38, 13
38, 13
38, 13
38, 35
39, 13
39, 13
39, 13
39, 13
E, 1
0, 13
0, 7
0, 13
0, 7
1, 7
1, 13
1, 13
1, 2
2, 31
2, 9
2, 12
2, 13
3, 7
3, 9
3, 7
3, 13
4, 13
4, 13
4, 13
4, 19
5, 13
5, 7
5, 9
5, 13
6, 7
6, 7
6, 7
6, 7
7, 2
7, 14
7, 9
7, 13
8, 13
8, 2
8, 9
8, 13
9, 13
9, 19
9, 13
9, 0
10, 13
10, 13
10, 13
10, 13
11, 9
11, 19
11, 19
11, 17
12, 13
12, 12
12, 13
12, 13
13, 13
13, 35
13, 13
13, 13
14, 13
14, 13
14, 13
14, 9
15, 19
15, 13
15, 13
15, 13
16, 13
16, 13
16, 13
16, 13
17, 13
17, 13
17, 13
17, 13
18, 9
18, 9
18, 9
18, 7
19, 13
19, 13
19, 13
19, 11
20, 0
20, 9
20, 12
20, 14
21, 7
21, 7
21, 7
21, 13
22, 13
22, 35
22, 13
22, 9
23, 0
23, 13
23, 13
23, 13
24, 13
24, 10
24, 7
24, 13
25, 9
25, 2
25, 12
25, 13
26, 13
26, 13
26, 32
26, 13
27, 9
27, 13
27, 7
27, 13
28, 7
28, 13
28, 7
28, 13
29, 7
29, 13
29, 13
29, 17
30, 13
30, 17
30, 7
30, 13
31, 5
31, 19
31, 13
31, 14
32, 13
32, 7
32, 31
32, 7
33, 13
33, 12
33, 7
33, 13
34, 13
34, 31
34, 13
34, 33
35, 13
35, 7
35, 13
35, 13
36, 13
36, 13
36, 7
36, 12
37, 9
37, 9
37, 14
37, 7
38, 24
38, 19
38, 13
38, 13
39, 17
39, 13
39, 13
39, 7
E, 2
0, 13
0, 13
0, 13
0, 7
1, 7
1, 13
1, 13
1, 2
2, 2
2, 9
2, 12
2, 13
3, 7
3, 9
3, 9
3, 13
4, 13
4, 13
4, 13
4, 19
5, 13
5, 7
5, 9
5, 13
6, 13
6, 7
6, 7
6, 7
7, 2
7, 14
7, 9
7, 13
8, 13
8, 2
8, 13
8, 13
9, 13
9, 19
9, 13
9, 0
10, 13
10, 13
10, 13
10, 13
11, 9
11, 19
11, 19
11, 17
12, 13
12, 12
12, 13
12, 13
13, 13
13, 13
13, 13
13, 13
14, 13
14, 13
14, 13
14, 9
15, 19
15, 7
15, 13
15, 13
16, 13
16, 13
16, 13
16, 13
17, 13
17, 13
17, 13
17, 13
18, 9
18, 9
18, 9
18, 7
19, 13
19, 13
19, 13
19, 11
20, 0
20, 9
20, 12
20, 14
21, 7
21, 7
21, 7
21, 13
22, 13
22, 35
22, 13
22, 9
23, 0
23, 13
23, 13
23, 13
24, 13
24, 10
24, 7
24, 35
25, 9
25, 2
25, 12
25, 13
26, 13
26, 13
26, 9
26, 13
27, 7
27, 13
27, 7
27, 13
28, 7
28, 13
28, 7
28, 13
29, 7
29, 13
29, 13
29, 17
30, 13
30, 17
30, 7
30, 13
31, 5
31, 19
31, 13
31, 14
32, 13
32, 7
32, 31
32, 7
33, 13
33, 12
33, 7
33, 13
34, 13
34, 31
34, 13
34, 35
35, 13
35, 12
35, 13
35, 13
36, 13
36, 13
36, 7
36, 12
37, 9
37, 9
37, 14
37, 7
38, 24
38, 19
38, 13
38, 13
39, 17
39, 13
39, 13
39, 7
E, 3
0, 13
0, 13
0, 13
0, 7
1, 7
1, 13
1, 13
1, 2
2, 2
2, 9
2, 2
2, 13
3, 7
3, 9
3, 9
3, 13
4, 13
4, 13
4, 13
4, 19
5, 13
5, 7
5, 9
5, 13
6, 13
6, 7
6, 13
6, 7
7, 2
7, 14
7, 9
7, 13
8, 18
8, 2
8, 9
8, 13
9, 13
9, 13
9, 13
9, 0
10, 13
10, 13
10, 13
10, 13
11, 9
11, 13
11, 13
11, 17
12, 13
12, 12
12, 13
12, 13
13, 13
13, 13
13, 13
13, 13
14, 13
14, 13
14, 13
14, 9
15, 19
15, 13
15, 13
15, 13
16, 13
16, 13
16, 13
16, 13
17, 13
17, 13
17, 13
17, 13
18, 9
18, 9
18, 9
18, 7
19, 13
19, 13
19, 13
19, 11
20, 0
20, 9
20, 12
20, 14
21, 7
21, 7
21, 7
21, 13
22, 13
22, 35
22, 13
22, 9
23, 13
23, 13
23, 7
23, 13
24, 13
24, 10
24, 7
24, 35
25, 9
25, 2
25, 12
25, 13
26, 13
26, 13
26, 9
26, 7
27, 9
27, 9
27, 19
27, 13
28, 7
28, 13
28, 7
28, 13
29, 7
29, 13
29, 13
29, 17
30, 13
30, 13
30, 7
30, 13
31, 5
31, 13
31, 13
31, 9
32, 13
32, 7
32, 31
32, 7
33, 13
33, 12
33, 7
33, 13
34, 13
34, 31
34, 13
34, 35
35, 13
35, 12
35, 13
35, 13
36, 13
36, 13
36, 7
36, 12
37, 9
37, 9
37, 7
37, 7
38, 24
38, 19
38, 13
38, 13
39, 17
39, 13
39, 13
39, 7
E, 4
0, 13
0, 13
0, 13
0, 7
1, 7
1, 13
1, 13
1, 2
2, 2
2, 2
2, 2
2, 13
3, 7
3, 9
3, 9
3, 13
4, 13
4, 13
4, 13
4, 13
5, 13
5, 7
5, 9
5, 13
6, 13
6, 7
6, 13
6, 13
7, 2
7, 14
7, 9
7, 13
8, 18
8, 2
8, 13
8, 13
9, 13
9, 13
9, 13
9, 13
10, 13
10, 13
10, 13
10, 13
11, 9
11, 13
11, 13
11, 13
12, 13
12, 12
12, 13
12, 13
13, 13
13, 13
13, 13
13, 13
14, 13
14, 13
14, 13
14, 13
15, 13
15, 13
15, 13
15, 13
16, 13
16, 13
16, 13
16, 13
17, 13
17, 13
17, 13
17, 13
18, 9
18, 9
18, 13
18, 7
19, 13
19, 13
19, 13
19, 13
20, 0
20, 9
20, 12
20, 11
21, 7
21, 2
21, 7
21, 13
22, 13
22, 35
22, 13
22, 9
23, 13
23, 13
23, 13
23, 13
24, 13
24, 10
24, 7
24, 13
25, 9
25, 2
25, 12
25, 13
26, 13
26, 13
26, 9
26, 13
27, 9
27, 9
27, 13
27, 13
28, 7
28, 13
28, 7
28, 13
29, 7
29, 13
29, 13
29, 13
30, 13
30, 13
30, 7
30, 13
31, 5
31, 13
31, 13
31, 9
32, 13
32, 7
32, 31
32, 7
33, 13
33, 12
33, 7
33, 13
34, 13
34, 31
34, 13
34, 20
35, 13
35, 12
35, 13
35, 13
36, 13
36, 13
36, 7
36, 12
37, 9
37, 9
37, 7
37, 7
38, 24
38, 19
38, 13
38, 13
39, 17
39, 13
39, 13
39, 7
E, 5
0, 13
0, 13
0, 13
0, 13
1, 7
1, 13
1, 13
1, 2
2, 2
2, 9
2, 2
2, 13
3, 7
3, 13
3, 9
3, 13
4, 13
4, 13
4, 13
4, 13
5, 13
5, 7
5, 9
5, 13
6, 13
6, 7
6, 13
6, 13
7, 2
7, 17
7, 9
7, 13
8, 13
8, 2
8, 9
8, 13
9, 13
9, 13
9, 13
9, 13
10, 13
10, 13
10, 13
10, 13
11, 9
11, 13
11, 13
11, 13
12, 13
12, 13
12, 13
12, 13
13, 13
13, 13
13, 13
13, 13
14, 13
14, 13
14, 13
14, 13
15, 13
15, 13
15, 13
15, 13
16, 13
16, 13
16, 13
16, 13
17, 13
17, 13
17, 13
17, 13
18, 9
18, 9
18, 13
18, 7
19, 13
19, 13
19, 13
19, 13
20, 13
20, 9
20, 12
20, 11
21, 7
21, 2
21, 7
21, 13
22, 13
22, 35
22, 13
22, 9
23, 13
23, 13
23, 13
23, 13
24, 13
24, 10
24, 7
24, 35
25, 9
25, 2
25, 12
25, 13
26, 13
26, 13
26, 9
26, 13
27, 9
27, 13
27, 19
27, 13
28, 7
28, 13
28, 7
28, 13
29, 7
29, 13
29, 13
29, 13
30, 13
30, 13
30, 7
30, 13
31, 5
31, 13
31, 13
31, 9
32, 13
32, 7
32, 9
32, 7
33, 13
33, 12
33, 7
33, 13
34, 13
34, 31
34, 13
34, 20
35, 13
35, 13
35, 13
35, 13
36, 13
36, 13
36, 7
36, 12
37, 9
37, 9
37, 7
37, 7
38, 24
38, 19
38, 13
38, 13
39, 9
39, 13
39, 13
39, 7
E, 6
0, 13
0, 13
0, 9
0, 13
1, 12
1, 13
1, 13
1, 2
2, 2
2, 9
2, 2
2, 13
3, 2
3, 13
3, 9
3, 13
4, 13
4, 13
4, 13
4, 13
5, 13
5, 2
5, 9
5, 13
6, 13
6, 7
6, 13
6, 13
7, 2
7, 17
7, 9
7, 13
8, 13
8, 13
8, 9
8, 13
9, 13
9, 13
9, 13
9, 13
10, 13
10, 13
10, 13
10, 13
11, 9
11, 13
11, 13
11, 13
12, 13
12, 13
12, 13
12, 13
13, 13
13, 13
13, 13
13, 13
14, 13
14, 13
14, 13
14, 13
15, 13
15, 13
15, 13
15, 13
16, 13
16, 13
16, 13
16, 13
17, 13
17, 13
17, 13
17, 13
18, 9
18, 9
18, 13
18, 7
19, 13
19, 13
19, 13
19, 13
20, 13
20, 9
20, 13
20, 11
21, 7
21, 2
21, 12
21, 13
22, 13
22, 35
22, 13
22, 9
23, 13
23, 13
23, 13
23, 13
24, 13
24, 10
24, 13
24, 13
25, 9
25, 2
25, 12
25, 13
26, 13
26, 13
26, 9
26, 13
27, 9
27, 9
27, 13
27, 13
28, 7
28, 13
28, 7
28, 13
29, 7
29, 13
29, 13
29, 13
30, 13
30, 13
30, 7
30, 13
31, 5
31, 13
31, 13
31, 9
32, 13
32, 7
32, 9
32, 7
33, 13
33, 12
33, 7
33, 13
34, 13
34, 31
34, 13
34, 20
35, 13
35, 12
35, 13
35, 13
36, 13
36, 13
36, 7
36, 12
37, 9
37, 9
37, 7
37, 7
38, 24
38, 9
38, 13
38, 13
39, 9
39, 13
39, 13
39, 9
E, 7
0, 13
0, 13
0, 13
0, 13
1, 13
1, 13
1, 13
1, 2
2, 2
2, 9
2, 2
2, 13
3, 2
3, 13
3, 9
3, 13
4, 13
4, 13
4, 13
4, 13
5, 13
5, 13
5, 9
5, 13
6, 13
6, 7
6, 13
6, 13
7, 2
7, 17
7, 9
7, 13
8, 13
8, 13
8, 9
8, 13
9, 13
9, 13
9, 13
9, 13
10, 13
10, 13
10, 13
10, 13
11, 9
11, 13
11, 13
11, 13
12, 13
12, 13
12, 13
12, 13
13, 13
13, 13
13, 13
13, 13
14, 13
14, 13
14, 13
14, 13
15, 13
15, 13
15, 13
15, 13
16, 13
16, 13
16, 13
16, 13
17, 13
17, 13
17, 13
17, 13
18, 9
18, 9
18, 13
18, 13
19, 13
19, 13
19, 13
19, 13
20, 13
20, 9
20, 13
20, 13
21, 7
21, 2
21, 20
21, 13
22, 13
22, 9
22, 13
22, 9
23, 13
23, 13
23, 13
23, 13
24, 13
24, 9
24, 13
24, 13
25, 9
25, 2
25, 12
25, 13
26, 13
26, 13
26, 9
26, 13
27, 9
27, 9
27, 13
27, 13
28, 9
28, 13
28, 7
28, 13
29, 9
29, 13
29, 13
29, 13
30, 13
30, 13
30, 7
30, 13
31, 5
31, 13
31, 13
31, 9
32, 13
32, 9
32, 9
32, 7
33, 13
33, 12
33, 13
33, 13
34, 13
34, 31
34, 13
34, 20
35, 13
35, 13
35, 13
35, 13
36, 13
36, 13
36, 7
36, 12
37, 9
37, 9
37, 20
37, 9
38, 24
38, 9
38, 13
38, 13
39, 9
39, 13
39, 13
39, 9
E, 8
0, 13
0, 13
0, 13
0, 13
1, 13
1, 13
1, 13
1, 2
2, 2
2, 9
2, 2
2, 13
3, 7
3, 13
3, 9
3, 13
4, 13
4, 13
4, 13
4, 13
5, 13
5, 13
5, 9
5, 13
6, 13
6, 9
6, 13
6, 13
7, 9
7, 17
7, 9
7, 13
8, 13
8, 13
8, 9
8, 13
9, 13
9, 9
9, 9
9, 13
10, 13
10, 13
10, 13
10, 13
11, 9
11, 13
11, 13
11, 13
12, 13
12, 13
12, 13
12, 13
13, 13
13, 13
13, 13
13, 13
14, 13
14, 13
14, 13
14, 13
15, 13
15, 13
15, 13
15, 13
16, 13
16, 13
16, 13
16, 13
17, 13
17, 13
17, 13
17, 13
18, 9
18, 9
18, 13
18, 13
19, 13
19, 13
19, 13
19, 9
20, 13
20, 9
20, 13
20, 20
21, 7
21, 2
21, 20
21, 13
22, 13
22, 9
22, 13
22, 9
23, 13
23, 13
23, 13
23, 13
24, 13
24, 9
24, 13
24, 13
25, 9
25, 2
25, 12
25, 13
26, 13
26, 13
26, 9
26, 13
27, 9
27, 9
27, 13
27, 13
28, 20
28, 13
28, 7
28, 13
29, 9
29, 13
29, 13
29, 13
30, 13
30, 13
30, 7
30, 13
31, 5
31, 13
31, 13
31, 20
32, 13
32, 9
32, 9
32, 13
33, 13
33, 13
33, 13
33, 13
34, 13
34, 31
34, 13
34, 20
35, 13
35, 13
35, 13
35, 13
36, 13
36, 13
36, 7
36, 12
37, 9
37, 9
37, 20
37, 7
38, 24
38, 9
38, 13
38, 13
39, 9
39, 13
39, 13
39, 9
E, 9
0, 13
0, 13
0, 9
0, 13
1, 13
1, 13
1, 13
1, 2
2, 2
2, 9
2, 2
2, 13
3, 9
3, 13
3, 9
3, 13
4, 9
4, 13
4, 13
4, 13
5, 13
5, 13
5, 9
5, 13
6, 13
6, 9
6, 13
6, 13
7, 9
7, 9
7, 9
7, 13
8, 13
8, 13
8, 9
8, 9
9, 9
9, 9
9, 9
9, 13
10, 13
10, 13
10, 13
10, 13
11, 9
11, 13
11, 13
11, 13
12, 13
12, 13
12, 13
12, 13
13, 13
13, 13
13, 13
13, 13
14, 13
14, 13
14, 13
14, 13
15, 13
15, 9
15, 13
15, 13
16, 13
16, 13
16, 13
16, 13
17, 9
17, 9
17, 13
17, 13
18, 9
18, 9
18, 13
18, 13
19, 13
19, 13
19, 9
19, 9
20, 9
20, 9
20, 13
20, 13
21, 7
21, 2
21, 12
21, 13
22, 13
22, 9
22, 13
22, 9
23, 13
23, 13
23, 13
23, 13
24, 13
24, 9
24, 13
24, 13
25, 9
25, 9
25, 12
25, 13
26, 13
26, 13
26, 9
26, 13
27, 9
27, 9
27, 13
27, 13
28, 9
28, 13
28, 9
28, 13
29, 9
29, 13
29, 13
29, 9
30, 13
30, 13
30, 9
30, 13
31, 9
31, 13
31, 13
31, 9
32, 13
32, 9
32, 9
32, 13
33, 13
33, 13
33, 13
33, 13
34, 13
34, 31
34, 13
34, 20
35, 13
35, 13
35, 13
35, 13
36, 13
36, 13
36, 7
36, 12
37, 9
37, 9
37, 9
37, 9
38, 24
38, 9
38, 13
38, 9
39, 9
39, 13
39, 13
39, 9
E, 10
0, 13
0, 13
0, 9
0, 13
1, 13
1, 13
1, 13
1, 13
2, 13
2, 9
2, 13
2, 13
3, 13
3, 13
3, 9
3, 13
4, 13
4, 13
4, 13
4, 13
5, 13
5, 13
5, 9
5, 13
6, 13
6, 9
6, 13
6, 13
7, 9
7, 13
7, 9
7, 13
8, 13
8, 13
8, 9
8, 13
9, 9
9, 9
9, 9
9, 13
10, 13
10, 13
10, 13
10, 13
11, 9
11, 13
11, 13
11, 13
12, 13
12, 13
12, 13
12, 13
13, 13
13, 13
13, 13
13, 13
14, 13
14, 13
14, 13
14, 13
15, 13
15, 13
15, 13
15, 13
16, 13
16, 13
16, 13
16, 13
17, 13
17, 13
17, 13
17, 13
18, 9
18, 9
18, 13
18, 13
19, 13
19, 13
19, 9
19, 9
20, 9
20, 13
20, 13
20, 13
21, 13
21, 9
21, 12
21, 13
22, 13
22, 9
22, 13
22, 9
23, 13
23, 13
23, 13
23, 13
24, 13
24, 9
24, 13
24, 13
25, 9
25, 9
25, 12
25, 13
26, 13
26, 13
26, 9
26, 13
27, 9
27, 9
27, 13
27, 13
28, 9
28, 13
28, 9
28, 13
29, 9
29, 13
29, 13
29, 9
30, 13
30, 13
30, 9
30, 13
31, 9
31, 13
31, 13
31, 9
32, 13
32, 9
32, 9
32, 13
33, 13
33, 13
33, 13
33, 13
34, 13
34, 13
34, 13
34, 12
35, 13
35, 13
35, 13
35, 13
36, 13
36, 13
36, 7
36, 12
37, 9
37, 9
37, 13
37, 9
38, 13
38, 9
38, 13
38, 9
39, 9
39, 13
39, 13
39, 9
E, 11
0, 13
0, 13
0, 9
0, 13
1, 13
1, 13
1, 13
1, 12
2, 13
2, 9
2, 13
2, 13
3, 9
3, 13
3, 9
3, 13
4, 9
4, 13
4, 13
4, 13
5, 13
5, 13
5, 9
5, 13
6, 13
6, 9
6, 13
6, 9
7, 9
7, 9
7, 9
7, 9
8, 13
8, 13
8, 9
8, 9
9, 9
9, 9
9, 9
9, 9
10, 13
10, 13
10, 9
10, 13
11, 9
11, 13
11, 13
11, 9
12, 13
12, 13
12, 13
12, 13
13, 9
13, 13
13, 9
13, 13
14, 13
14, 13
14, 13
14, 9
15, 13
15, 9
15, 13
15, 13
16, 13
16, 13
16, 13
16, 13
17, 13
17, 9
17, 13
17, 13
18, 9
18, 9
18, 13
18, 13
19, 13
19, 9
19, 9
19, 9
20, 9
20, 9
20, 13
20, 9
21, 20
21, 9
21, 12
21, 13
22, 13
22, 9
22, 13
22, 9
23, 13
23, 13
23, 13
23, 13
24, 13
24, 9
24, 9
24, 13
25, 9
25, 9
25, 12
25, 13
26, 13
26, 13
26, 9
26, 13
27, 9
27, 9
27, 9
27, 13
28, 9
28, 13
28, 9
28, 9
29, 9
29, 13
29, 9
29, 9
30, 9
30, 13
30, 9
30, 9
31, 9
31, 13
31, 13
31, 9
32, 13
32, 9
32, 9
32, 9
33, 13
33, 13
33, 13
33, 13
34, 13
34, 9
34, 13
34, 12
35, 13
35, 13
35, 13
35, 13
36, 13
36, 13
36, 7
36, 12
37, 9
37, 9
37, 9
37, 9
38, 13
38, 9
38, 13
38, 9
39, 9
39, 9
39, 9
39, 9
E, 12
0, 13
0, 13
0, 9
0, 13
1, 13
1, 9
1, 13
1, 12
2, 13
2, 9
2, 13
2, 13
3, 9
3, 13
3, 9
3, 13
4, 9
4, 13
4, 13
4, 13
5, 13
5, 13
5, 9
5, 13
6, 13
6, 9
6, 13
6, 9
7, 9
7, 12
7, 9
7, 9
8, 13
8, 13
8, 9
8, 9
9, 9
9, 9
9, 9
9, 9
10, 13
10, 13
10, 9
10, 13
11, 9
11, 9
11, 13
11, 9
12, 13
12, 13
12, 13
12, 13
13, 9
13, 13
13, 9
13, 13
14, 9
14, 13
14, 13
14, 9
15, 13
15, 9
15, 13
15, 13
16, 13
16, 13
16, 13
16, 9
17, 13
17, 9
17, 13
17, 13
18, 9
18, 9
18, 13
18, 13
19, 13
19, 9
19, 9
19, 9
20, 9
20, 9
20, 13
20, 9
21, 20
21, 9
21, 12
21, 13
22, 13
22, 9
22, 13
22, 9
23, 13
23, 13
23, 13
23, 13
24, 9
24, 12
24, 9
24, 13
25, 9
25, 12
25, 12
25, 13
26, 13
26, 13
26, 9
26, 13
27, 9
27, 9
27, 9
27, 13
28, 9
28, 13
28, 9
28, 9
29, 9
29, 13
29, 9
29, 9
30, 9
30, 13
30, 9
30, 9
31, 9
31, 12
31, 13
31, 9
32, 13
32, 9
32, 9
32, 9
33, 13
33, 13
33, 13
33, 13
34, 13
34, 13
34, 13
34, 12
35, 13
35, 12
35, 13
35, 13
36, 9
36, 13
36, 7
36, 12
37, 9
37, 9
37, 9
37, 9
38, 13
38, 9
38, 13
38, 9
39, 9
39, 9
39, 9
39, 9
E, 13
0, 13
0, 13
0, 13
0, 13
1, 12
1, 13
1, 13
1, 12
2, 13
2, 12
2, 13
2, 13
3, 13
3, 12
3, 13
3, 13
4, 13
4, 13
4, 13
4, 12
5, 13
5, 13
5, 9
5, 13
6, 13
6, 9
6, 13
6, 13
7, 13
7, 12
7, 13
7, 9
8, 13
8, 13
8, 13
8, 13
9, 9
9, 9
9, 9
9, 13
10, 13
10, 13
10, 13
10, 13
11, 9
11, 13
11, 13
11, 13
12, 13
12, 13
12, 13
12, 13
13, 13
13, 13
13, 13
13, 13
14, 13
14, 13
14, 13
14, 13
15, 13
15, 13
15, 13
15, 13
16, 13
16, 13
16, 13
16, 13
17, 13
17, 13
17, 17
17, 13
18, 18
18, 13
18, 13
18, 13
19, 13
19, 13
19, 9
19, 9
20, 9
20, 13
20, 13
20, 20
21, 20
21, 12
21, 12
21, 13
22, 13
22, 9
22, 13
22, 9
23, 13
23, 13
23, 20
23, 13
24, 13
24, 12
24, 20
24, 13
25, 9
25, 12
25, 12
25, 13
26, 13
26, 13
26, 9
26, 13
27, 9
27, 9
27, 9
27, 13
28, 9
28, 13
28, 9
28, 13
29, 9
29, 13
29, 9
29, 9
30, 13
30, 12
30, 12
30, 12
31, 9
31, 12
31, 13
31, 20
32, 20
32, 20
32, 9
32, 13
33, 13
33, 13
33, 13
33, 13
34, 13
34, 13
34, 13
34, 12
35, 13
35, 12
35, 13
35, 12
36, 13
36, 13
36, 20
36, 12
37, 9
37, 13
37, 20
37, 9
38, 13
38, 9
38, 13
38, 20
39, 20
39, 20
39, 9
39, 9
E, 14
0, 13
0, 13
0, 9
0, 13
1, 12
1, 9
1, 13
1, 12
2, 2
2, 12
2, 2
2, 13
3, 2
3, 12
3, 12
3, 13
4, 12
4, 13
4, 13
4, 12
5, 13
5, 13
5, 9
5, 13
6, 13
6, 17
6, 13
6, 2
7, 12
7, 17
7, 17
7, 9
8, 13
8, 2
8, 17
8, 17
9, 9
9, 9
9, 9
9, 13
10, 13
10, 13
10, 12
10, 13
11, 9
11, 13
11, 13
11, 13
12, 12
12, 13
12, 12
12, 13
13, 9
13, 13
13, 13
13, 13
14, 13
14, 13
14, 13
14, 13
15, 13
15, 13
15, 13
15, 13
16, 13
16, 13
16, 13
16, 13
17, 17
17, 17
17, 17
17, 17
18, 17
18, 12
18, 13
18, 17
19, 13
19, 9
19, 9
19, 9
20, 20
20, 9
20, 20
20, 20
21, 20
21, 20
21, 12
21, 13
22, 13
22, 20
22, 20
22, 9
23, 20
23, 20
23, 20
23, 20
24, 9
24, 12
24, 20
24, 20
25, 9
25, 12
25, 12
25, 20
26, 12
26, 20
26, 9
26, 13
27, 9
27, 20
27, 20
27, 20
28, 20
28, 20
28, 20
28, 20
29, 9
29, 9
29, 20
29, 9
30, 12
30, 17
30, 12
30, 12
31, 9
31, 12
31, 20
31, 20
32, 20
32, 20
32, 9
32, 20
33, 13
33, 13
33, 20
33, 13
34, 13
34, 13
34, 13
34, 12
35, 13
35, 12
35, 13
35, 20
36, 20
36, 20
36, 20
36, 12
37, 20
37, 9
37, 20
37, 20
38, 20
38, 9
38, 20
38, 20
39, 20
39, 20
39, 9
39, 9
E, 15
0, 13
0, 13
0, 13
0, 13
1, 12
1, 12
1, 13
1, 12
2, 2
2, 2
2, 2
2, 13
3, 2
3, 2
3, 12
3, 13
4, 12
4, 13
4, 13
4, 12
5, 17
5, 2
5, 9
5, 13
6, 13
6, 2
6, 13
6, 2
7, 17
7, 17
7, 17
7, 9
8, 17
8, 2
8, 17
8, 17
9, 9
9, 9
9, 9
9, 13
10, 13
10, 13
10, 12
10, 17
11, 11
11, 11
11, 13
11, 13
12, 12
12, 12
12, 12
12, 12
13, 9
13, 13
13, 13
13, 13
14, 13
14, 13
14, 13
14, 13
15, 13
15, 13
15, 17
15, 13
16, 13
16, 12
16, 13
16, 13
17, 17
17, 17
17, 17
17, 17
18, 17
18, 17
18, 17
18, 17
19, 17
19, 9
19, 9
19, 9
20, 20
20, 20
20, 20
20, 20
21, 20
21, 20
21, 20
21, 20
22, 20
22, 20
22, 20
22, 20
23, 20
23, 20
23, 20
23, 20
24, 20
24, 20
24, 20
24, 20
25, 9
25, 12
25, 12
25, 20
26, 20
26, 20
26, 9
26, 13
27, 20
27, 20
27, 20
27, 20
28, 20
28, 20
28, 20
28, 20
29, 20
29, 20
29, 20
29, 9
30, 12
30, 17
30, 12
30, 12
31, 20
31, 12
31, 20
31, 20
32, 20
32, 20
32, 20
32, 20
33, 20
33, 13
33, 20
33, 20
34, 20
34, 13
34, 20
34, 20
35, 20
35, 20
35, 13
35, 20
36, 20
36, 20
36, 20
36, 20
37, 20
37, 20
37, 20
37, 20
38, 20
38, 9
38, 20
38, 20
39, 20
39, 20
39, 9
39, 20
E, 16
0, 13
0, 13
0, 9
0, 13
1, 17
1, 11
1, 13
1, 2
2, 2
2, 2
2, 2
2, 2
3, 2
3, 2
3, 11
3, 11
4, 12
4, 12
4, 11
4, 17
5, 11
5, 2
5, 2
5, 17
6, 2
6, 2
6, 11
6, 2
7, 17
7, 17
7, 17
7, 11
8, 17
8, 2
8, 17
8, 17
9, 9
9, 9
9, 9
9, 9
10, 17
10, 17
10, 17
10, 17
11, 11
11, 11
11, 13
11, 11
12, 12
12, 12
12, 12
12, 12
13, 9
13, 13
13, 13
13, 13
14, 13
14, 11
14, 13
14, 13
15, 13
15, 11
15, 17
15, 13
16, 11
16, 11
16, 13
16, 11
17, 17
17, 17
17, 17
17, 17
18, 17
18, 17
18, 17
18, 17
19, 17
19, 9
19, 9
19, 9
20, 20
20, 20
20, 20
20, 20
21, 20
21, 20
21, 20
21, 20
22, 20
22, 20
22, 20
22, 20
23, 20
23, 20
23, 20
23, 20
24, 20
24, 20
24, 20
24, 20
25, 9
25, 20
25, 20
25, 20
26, 20
26, 20
26, 9
26, 20
27, 20
27, 20
27, 20
27, 20
28, 20
28, 20
28, 20
28, 20
29, 20
29, 20
29, 20
29, 9
30, 11
30, 17
30, 12
30, 12
31, 20
31, 20
31, 20
31, 20
32, 20
32, 20
32, 20
32, 20
33, 20
33, 20
33, 20
33, 20
34, 20
34, 20
34, 20
34, 20
35, 20
35, 20
35, 13
35, 20
36, 20
36, 20
36, 20
36, 20
37, 20
37, 20
37, 20
37, 20
38, 20
38, 11
38, 20
38, 20
39, 20
39, 20
39, 20
39, 20
E, 17
0, 13
0, 13
0, 11
0, 11
1, 2
1, 11
1, 13
1, 2
2, 2
2, 2
2, 2
2, 2
3, 2
3, 2
3, 2
3, 19
4, 2
4, 2
4, 11
4, 2
5, 11
5, 2
5, 2
5, 17
6, 2
6, 2
6, 2
6, 2
7, 2
7, 17
7, 17
7, 11
8, 17
8, 2
8, 17
8, 17
9, 9
9, 9
9, 9
9, 11
10, 17
10, 17
10, 17
10, 17
11, 11
11, 11
11, 13
11, 11
12, 12
12, 12
12, 12
12, 12
13, 9
13, 13
13, 13
13, 13
14, 13
14, 11
14, 13
14, 13
15, 13
15, 11
15, 17
15, 13
16, 11
16, 11
16, 11
16, 11
17, 17
17, 17
17, 17
17, 17
18, 17
18, 17
18, 17
18, 17
19, 17
19, 17
19, 17
19, 17
20, 20
20, 20
20, 20
20, 20
21, 20
21, 20
21, 20
21, 20
22, 20
22, 20
22, 20
22, 20
23, 20
23, 20
23, 20
23, 20
24, 20
24, 20
24, 20
24, 20
25, 20
25, 20
25, 20
25, 20
26, 20
26, 20
26, 20
26, 20
27, 20
27, 20
27, 20
27, 20
28, 20
28, 20
28, 20
28, 20
29, 20
29, 20
29, 20
29, 20
30, 20
30, 17
30, 20
30, 12
31, 20
31, 20
31, 20
31, 20
32, 20
32, 20
32, 20
32, 20
33, 20
33, 20
33, 20
33, 20
34, 20
34, 20
34, 20
34, 20
35, 20
35, 20
35, 20
35, 20
36, 20
36, 20
36, 20
36, 20
37, 20
37, 20
37, 20
37, 20
38, 20
38, 20
38, 20
38, 20
39, 20
39, 20
39, 20
39, 20
E, 18
0, 11
0, 13
0, 11
0, 11
1, 2
1, 11
1, 13
1, 2
2, 2
2, 2
2, 2
2, 2
3, 2
3, 2
3, 2
3, 19
4, 2
4, 2
4, 11
4, 2
5, 19
5, 2
5, 2
5, 17
6, 2
6, 2
6, 2
6, 2
7, 2
7, 17
7, 17
7, 11
8, 17
8, 2
8, 17
8, 19
9, 9
9, 9
9, 9
9, 11
10, 17
10, 17
10, 17
10, 17
11, 11
11, 11
11, 11
11, 11
12, 12
12, 12
12, 12
12, 12
13, 9
13, 13
13, 13
13, 13
14, 13
14, 11
14, 13
14, 11
15, 13
15, 11
15, 17
15, 13
16, 11
16, 12
16, 11
16, 11
17, 17
17, 17
17, 17
17, 17
18, 17
18, 17
18, 17
18, 17
19, 17
19, 19
19, 17
19, 19
20, 20
20, 20
20, 20
20, 20
21, 20
21, 20
21, 20
21, 20
22, 20
22, 20
22, 20
22, 20
23, 20
23, 20
23, 20
23, 20
24, 20
24, 20
24, 20
24, 20
25, 20
25, 20
25, 20
25, 20
26, 20
26, 20
26, 20
26, 20
27, 20
27, 20
27, 20
27, 20
28, 20
28, 20
28, 20
28, 20
29, 20
29, 20
29, 20
29, 20
30, 20
30, 20
30, 20
30, 12
31, 20
31, 20
31, 20
31, 20
32, 20
32, 20
32, 20
32, 20
33, 20
33, 20
33, 20
33, 20
34, 20
34, 20
34, 20
34, 20
35, 20
35, 20
35, 20
35, 20
36, 20
36, 20
36, 20
36, 20
37, 20
37, 20
37, 20
37, 20
38, 20
38, 20
38, 20
38, 20
39, 20
39, 20
39, 20
39, 20
E, 19
0, 13
0, 13
0, 13
0, 11
1, 2
1, 11
1, 13
1, 2
2, 2
2, 2
2, 2
2, 2
3, 2
3, 2
3, 2
3, 19
4, 12
4, 12
4, 12
4, 2
5, 19
5, 2
5, 2
5, 2
6, 2
6, 2
6, 2
6, 2
7, 2
7, 17
7, 17
7, 19
8, 17
8, 2
8, 17
8, 19
9, 9
9, 9
9, 9
9, 13
10, 17
10, 17
10, 17
10, 17
11, 11
11, 11
11, 11
11, 11
12, 12
12, 12
12, 12
12, 12
13, 9
13, 13
13, 13
13, 13
14, 13
14, 11
14, 13
14, 13
15, 13
15, 11
15, 17
15, 13
16, 11
16, 12
16, 11
16, 11
17, 17
17, 17
17, 17
17, 17
18, 18
18, 17
18, 17
18, 17
19, 19
19, 19
19, 19
19, 19
20, 20
20, 20
20, 20
20, 20
21, 20
21, 20
21, 20
21, 20
22, 20
22, 20
22, 20
22, 20
23, 20
23, 20
23, 20
23, 20
24, 20
24, 20
24, 20
24, 20
25, 20
25, 20
25, 20
25, 20
26, 20
26, 20
26, 20
26, 20
27, 20
27, 20
27, 20
27, 20
28, 20
28, 20
28, 20
28, 20
29, 20
29, 20
29, 20
29, 20
30, 20
30, 17
30, 20
30, 12
31, 20
31, 20
31, 20
31, 20
32, 20
32, 20
32, 20
32, 20
33, 20
33, 20
33, 20
33, 20
34, 20
34, 20
34, 20
34, 20
35, 20
35, 20
35, 20
35, 20
36, 20
36, 20
36, 20
36, 20
37, 20
37, 20
37, 20
37, 20
38, 20
38, 20
38, 20
38, 20
39, 20
39, 20
39, 20
39, 20
E, 20
0, 13
0, 13
0, 13
0, 11
1, 2
1, 12
1, 13
1, 2
2, 2
2, 2
2, 2
2, 2
3, 19
3, 2
3, 2
3, 19
4, 2
4, 12
4, 12
4, 2
5, 19
5, 2
5, 2
5, 2
6, 2
6, 2
6, 19
6, 2
7, 7
7, 17
7, 17
7, 19
8, 19
8, 2
8, 19
8, 19
9, 9
9, 9
9, 9
9, 13
10, 19
10, 19
10, 19
10, 17
11, 11
11, 11
11, 11
11, 11
12, 12
12, 12
12, 12
12, 12
13, 9
13, 13
13, 13
13, 13
14, 13
14, 12
14, 13
14, 13
15, 19
15, 19
15, 19
15, 13
16, 11
16, 12
16, 19
16, 11
17, 17
17, 17
17, 17
17, 17
18, 18
18, 19
18, 19
18, 17
19, 19
19, 19
19, 19
19, 19
20, 20
20, 20
20, 20
20, 20
21, 20
21, 20
21, 20
21, 20
22, 20
22, 20
22, 20
22, 20
23, 20
23, 20
23, 20
23, 20
24, 20
24, 20
24, 20
24, 20
25, 20
25, 20
25, 12
25, 20
26, 20
26, 20
26, 20
26, 20
27, 20
27, 20
27, 20
27, 20
28, 20
28, 20
28, 20
28, 20
29, 20
29, 20
29, 20
29, 20
30, 20
30, 12
30, 20
30, 12
31, 20
31, 20
31, 20
31, 20
32, 20
32, 20
32, 20
32, 20
33, 20
33, 20
33, 20
33, 20
34, 20
34, 20
34, 20
34, 20
35, 20
35, 20
35, 20
35, 20
36, 20
36, 20
36, 20
36, 20
37, 20
37, 20
37, 20
37, 20
38, 20
38, 20
38, 20
38, 20
39, 20
39, 20
39, 20
39, 20
E, 21
0, 13
0, 13
0, 13
0, 11
1, 2
1, 12
1, 13
1, 2
2, 2
2, 2
2, 2
2, 2
3, 19
3, 2
3, 4
3, 19
4, 2
4, 12
4, 12
4, 4
5, 19
5, 2
5, 2
5, 18
6, 2
6, 2
6, 19
6, 2
7, 7
7, 17
7, 19
7, 18
8, 18
8, 2
8, 18
8, 18
9, 9
9, 9
9, 9
9, 9
10, 19
10, 19
10, 19
10, 18
11, 11
11, 11
11, 11
11, 11
12, 12
12, 12
12, 12
12, 12
13, 9
13, 13
13, 13
13, 13
14, 13
14, 12
14, 13
14, 13
15, 19
15, 19
15, 7
15, 13
16, 11
16, 12
16, 13
16, 11
17, 17
17, 17
17, 17
17, 17
18, 18
18, 7
18, 18
18, 7
19, 19
19, 19
19, 19
19, 19
20, 20
20, 20
20, 20
20, 20
21, 20
21, 20
21, 20
21, 20
22, 20
22, 20
22, 20
22, 20
23, 20
23, 20
23, 20
23, 20
24, 20
24, 20
24, 20
24, 20
25, 20
25, 20
25, 12
25, 20
26, 20
26, 20
26, 20
26, 20
27, 20
27, 20
27, 20
27, 20
28, 20
28, 20
28, 20
28, 20
29, 20
29, 20
29, 20
29, 20
30, 20
30, 12
30, 20
30, 12
31, 20
31, 20
31, 20
31, 20
32, 20
32, 20
32, 20
32, 20
33, 20
33, 20
33, 20
33, 20
34, 34
34, 20
34, 34
34, 20
35, 20
35, 34
35, 20
35, 20
36, 20
36, 20
36, 20
36, 20
37, 20
37, 20
37, 20
37, 20
38, 20
38, 20
38, 20
38, 20
39, 20
39, 20
39, 20
39, 20
E, 22
0, 11
0, 13
0, 11
0, 11
1, 2
1, 12
1, 13
1, 2
2, 2
2, 2
2, 2
2, 2
3, 4
3, 2
3, 4
3, 19
4, 4
4, 4
4, 12
4, 4
5, 5
5, 5
5, 2
5, 18
6, 2
6, 2
6, 5
6, 2
7, 7
7, 17
7, 7
7, 18
8, 18
8, 2
8, 18
8, 18
9, 9
9, 9
9, 9
9, 9
10, 19
10, 18
10, 18
10, 18
11, 11
11, 11
11, 11
11, 11
12, 12
12, 12
12, 12
12, 12
13, 9
13, 13
13, 13
13, 13
14, 13
14, 12
14, 13
14, 11
15, 18
15, 4
15, 7
15, 13
16, 11
16, 12
16, 18
16, 11
17, 17
17, 17
17, 17
17, 17
18, 18
18, 7
18, 18
18, 7
19, 19
19, 18
19, 19
19, 19
20, 20
20, 20
20, 20
20, 20
21, 20
21, 20
21, 20
21, 20
22, 20
22, 20
22, 20
22, 20
23, 20
23, 20
23, 20
23, 20
24, 20
24, 20
24, 20
24, 20
25, 29
25, 31
25, 34
25, 20
26, 34
26, 20
26, 20
26, 20
27, 20
27, 20
27, 20
27, 20
28, 20
28, 20
28, 20
28, 20
29, 29
29, 29
29, 29
29, 20
30, 20
30, 17
30, 20
30, 29
31, 20
31, 34
31, 20
31, 20
32, 20
32, 20
32, 20
32, 20
33, 34
33, 20
33, 20
33, 20
34, 34
34, 20
34, 34
34, 34
35, 34
35, 34
35, 34
35, 34
36, 20
36, 20
36, 20
36, 20
37, 20
37, 29
37, 20
37, 20
38, 20
38, 29
38, 20
38, 20
39, 20
39, 20
39, 20
39, 20
E, 23
0, 11
0, 13
0, 11
0, 11
1, 2
1, 12
1, 13
1, 2
2, 2
2, 2
2, 2
2, 2
3, 4
3, 2
3, 4
3, 5
4, 4
4, 4
4, 5
4, 4
5, 5
5, 5
5, 2
5, 18
6, 5
6, 5
6, 5
6, 2
7, 7
7, 7
7, 7
7, 18
8, 18
8, 2
8, 18
8, 18
9, 9
9, 9
9, 9
9, 11
10, 5
10, 18
10, 18
10, 18
11, 11
11, 11
11, 11
11, 11
12, 12
12, 12
12, 12
12, 12
13, 9
13, 13
13, 13
13, 13
14, 13
14, 12
14, 13
14, 12
15, 18
15, 4
15, 7
15, 13
16, 11
16, 12
16, 18
16, 4
17, 17
17, 17
17, 17
17, 17
18, 18
18, 7
18, 18
18, 7
19, 19
19, 18
19, 19
19, 19
20, 20
20, 20
20, 20
20, 20
21, 20
21, 20
21, 20
21, 20
22, 29
22, 29
22, 29
22, 29
23, 20
23, 20
23, 20
23, 34
24, 20
24, 34
24, 20
24, 20
25, 29
25, 29
25, 29
25, 20
26, 29
26, 20
26, 29
26, 20
27, 29
27, 20
27, 29
27, 29
28, 20
28, 29
28, 29
28, 20
29, 29
29, 29
29, 29
29, 29
30, 29
30, 29
30, 29
30, 29
31, 29
31, 29
31, 29
31, 20
32, 20
32, 20
32, 20
32, 20
33, 34
33, 34
33, 20
33, 20
34, 34
34, 34
34, 34
34, 34
35, 34
35, 34
35, 34
35, 34
36, 20
36, 20
36, 20
36, 20
37, 20
37, 29
37, 20
37, 29
38, 29
38, 29
38, 20
38, 20
39, 29
39, 20
39, 29
39, 29
E, 24
0, 13
0, 13
0, 13
0, 11
1, 2
1, 12
1, 13
1, 2
2, 2
2, 2
2, 2
2, 2
3, 4
3, 2
3, 4
3, 5
4, 4
4, 4
4, 5
4, 4
5, 5
5, 5
5, 5
5, 18
6, 5
6, 5
6, 5
6, 2
7, 7
7, 17
7, 7
7, 7
8, 18
8, 2
8, 8
8, 8
9, 9
9, 9
9, 9
9, 9
10, 8
10, 4
10, 18
10, 18
11, 11
11, 11
11, 11
11, 11
12, 12
12, 12
12, 12
12, 12
13, 9
13, 13
13, 13
13, 13
14, 13
14, 12
14, 13
14, 12
15, 18
15, 4
15, 5
15, 13
16, 11
16, 12
16, 18
16, 4
17, 17
17, 17
17, 17
17, 17
18, 18
18, 7
18, 18
18, 7
19, 19
19, 19
19, 19
19, 19
20, 20
20, 20
20, 20
20, 20
21, 20
21, 20
21, 20
21, 20
22, 34
22, 29
22, 34
22, 29
23, 20
23, 20
23, 20
23, 34
24, 29
24, 34
24, 20
24, 20
25, 29
25, 31
25, 34
25, 34
26, 34
26, 20
26, 29
26, 20
27, 29
27, 29
27, 29
27, 29
28, 20
28, 29
28, 29
28, 20
29, 29
29, 29
29, 29
29, 29
30, 30
30, 30
30, 12
30, 30
31, 29
31, 34
31, 31
31, 31
32, 20
32, 20
32, 20
32, 20
33, 34
33, 34
33, 34
33, 20
34, 34
34, 34
34, 34
34, 34
35, 34
35, 34
35, 34
35, 34
36, 20
36, 34
36, 20
36, 31
37, 20
37, 29
37, 20
37, 29
38, 29
38, 29
38, 20
38, 20
39, 29
39, 20
39, 29
39, 29
E, 25
0, 13
0, 13
0, 13
0, 11
1, 2
1, 12
1, 13
1, 5
2, 2
2, 2
2, 2
2, 2
3, 5
3, 2
3, 4
3, 5
4, 4
4, 4
4, 5
4, 4
5, 5
5, 5
5, 5
5, 18
6, 5
6, 5
6, 5
6, 2
7, 7
7, 8
7, 7
7, 7
8, 8
8, 2
8, 8
8, 8
9, 9
9, 9
9, 9
9, 9
10, 8
10, 8
10, 7
10, 18
11, 11
11, 11
11, 11
11, 11
12, 12
12, 12
12, 12
12, 12
13, 9
13, 13
13, 13
13, 13
14, 13
14, 12
14, 13
14, 13
15, 18
15, 5
15, 8
15, 13
16, 11
16, 12
16, 18
16, 4
17, 17
17, 17
17, 17
17, 17
18, 18
18, 7
18, 18
18, 8
19, 19
19, 19
19, 19
19, 19
20, 20
20, 20
20, 20
20, 20
21, 20
21, 20
21, 20
21, 20
22, 34
22, 29
22, 34
22, 29
23, 20
23, 20
23, 20
23, 34
24, 34
24, 34
24, 20
24, 20
25, 29
25, 31
25, 34
25, 34
26, 34
26, 20
26, 29
26, 20
27, 29
27, 29
27, 29
27, 29
28, 20
28, 29
28, 29
28, 20
29, 29
29, 29
29, 29
29, 29
30, 30
30, 30
30, 30
30, 30
31, 29
31, 31
31, 31
31, 31
32, 20
32, 20
32, 20
32, 20
33, 34
33, 34
33, 34
33, 34
34, 34
34, 34
34, 34
34, 34
35, 34
35, 34
35, 34
35, 34
36, 20
36, 34
36, 34
36, 31
37, 20
37, 29
37, 20
37, 29
38, 29
38, 29
38, 20
38, 20
39, 29
39, 20
39, 29
39, 29
E, 26
0, 13
0, 13
0, 9
0, 14
1, 2
1, 12
1, 14
1, 2
2, 2
2, 2
2, 2
2, 2
3, 4
3, 2
3, 4
3, 5
4, 4
4, 4
4, 14
4, 4
5, 5
5, 5
5, 6
5, 6
6, 6
6, 5
6, 5
6, 6
7, 7
7, 7
7, 7
7, 7
8, 8
8, 2
8, 8
8, 8
9, 9
9, 9
9, 9
9, 9
10, 8
10, 14
10, 7
10, 18
11, 11
11, 11
11, 11
11, 11
12, 12
12, 12
12, 12
12, 14
13, 9
13, 13
13, 13
13, 13
14, 13
14, 14
14, 13
14, 14
15, 14
15, 7
15, 7
15, 14
16, 11
16, 14
16, 14
16, 14
17, 17
17, 17
17, 17
17, 17
18, 18
18, 7
18, 18
18, 8
19, 19
19, 19
19, 19
19, 19
20, 20
20, 20
20, 20
20, 20
21, 20
21, 31
21, 31
21, 20
22, 31
22, 31
22, 34
22, 22
23, 20
23, 20
23, 20
23, 34
24, 34
24, 31
24, 20
24, 24
25, 29
25, 31
25, 28
25, 28
26, 34
26, 20
26, 29
26, 20
27, 29
27, 20
27, 29
27, 29
28, 20
28, 29
28, 29
28, 28
29, 29
29, 29
29, 29
29, 29
30, 30
30, 30
30, 30
30, 30
31, 31
31, 31
31, 31
31, 31
32, 34
32, 20
32, 34
32, 20
33, 34
33, 34
33, 34
33, 34
34, 34
34, 34
34, 34
34, 34
35, 34
35, 34
35, 34
35, 34
36, 20
36, 34
36, 34
36, 31
37, 28
37, 29
37, 20
37, 29
38, 29
38, 29
38, 20
38, 20
39, 28
39, 20
39, 29
39, 29
E, 27
0, 13
0, 13
0, 14
0, 14
1, 1
1, 12
1, 14
1, 1
2, 2
2, 2
2, 2
2, 2
3, 4
3, 2
3, 4
3, 5
4, 4
4, 4
4, 14
4, 4
5, 6
5, 6
5, 6
5, 6
6, 6
6, 5
6, 6
6, 6
7, 7
7, 7
7, 7
7, 7
8, 8
8, 6
8, 8
8, 8
9, 9
9, 9
9, 9
9, 9
10, 8
10, 6
10, 7
10, 6
11, 11
11, 11
11, 14
11, 11
12, 12
12, 12
12, 12
12, 14
13, 9
13, 13
13, 13
13, 13
14, 14
14, 14
14, 14
14, 14
15, 6
15, 6
15, 6
15, 14
16, 14
16, 14
16, 6
16, 14
17, 17
17, 17
17, 17
17, 17
18, 18
18, 7
18, 18
18, 8
19, 19
19, 19
19, 19
19, 19
20, 20
20, 20
20, 20
20, 20
21, 24
21, 31
21, 32
21, 20
22, 24
22, 24
22, 34
22, 22
23, 20
23, 20
23, 20
23, 28
24, 34
24, 24
24, 29
24, 24
25, 29
25, 31
25, 28
25, 28
26, 34
26, 20
26, 29
26, 20
27, 29
27, 29
27, 29
27, 29
28, 20
28, 29
28, 29
28, 28
29, 29
29, 29
29, 29
29, 29
30, 30
30, 30
30, 30
30, 30
31, 31
31, 31
31, 31
31, 31
32, 20
32, 20
32, 32
32, 20
33, 34
33, 34
33, 34
33, 34
34, 34
34, 34
34, 34
34, 34
35, 34
35, 34
35, 34
35, 34
36, 20
36, 34
36, 35
36, 31
37, 28
37, 29
37, 29
37, 29
38, 29
38, 29
38, 20
38, 20
39, 28
39, 32
39, 29
39, 29
E, 28
0, 0
0, 14
0, 0
0, 14
1, 1
1, 2
1, 14
1, 1
2, 2
2, 2
2, 2
2, 2
3, 3
3, 2
3, 4
3, 5
4, 4
4, 4
4, 14
4, 4
5, 5
5, 6
5, 6
5, 6
6, 6
6, 5
6, 5
6, 6
7, 7
7, 7
7, 7
7, 7
8, 8
8, 2
8, 8
8, 8
9, 9
9, 9
9, 9
9, 9
10, 8
10, 7
10, 7
10, 18
11, 11
11, 11
11, 14
11, 11
12, 12
12, 12
12, 12
12, 14
13, 14
13, 13
13, 13
13, 13
14, 14
14, 14
14, 14
14, 14
15, 6
15, 6
15, 7
15, 14
16, 14
16, 14
16, 14
16, 14
17, 17
17, 17
17, 17
17, 17
18, 18
18, 7
18, 18
18, 8
19, 19
19, 19
19, 19
19, 19
20, 20
20, 20
20, 20
20, 20
21, 28
21, 28
21, 28
21, 20
22, 24
22, 22
22, 22
22, 22
23, 24
23, 20
23, 20
23, 28
24, 31
24, 24
24, 24
24, 24
25, 29
25, 28
25, 28
25, 28
26, 28
26, 30
26, 30
26, 35
27, 29
27, 28
27, 29
27, 27
28, 28
28, 28
28, 28
28, 28
29, 29
29, 29
29, 28
29, 29
30, 30
30, 30
30, 30
30, 30
31, 31
31, 31
31, 31
31, 31
32, 32
32, 32
32, 32
32, 32
33, 34
33, 34
33, 34
33, 34
34, 34
34, 34
34, 34
34, 34
35, 34
35, 34
35, 34
35, 32
36, 20
36, 35
36, 35
36, 32
37, 28
37, 29
37, 29
37, 28
38, 29
38, 29
38, 32
38, 28
39, 28
39, 32
39, 29
39, 29
E, 29
0, 0
0, 0
0, 0
0, 14
1, 1
1, 12
1, 14
1, 1
2, 2
2, 2
2, 2
2, 2
3, 3
3, 2
3, 4
3, 5
4, 4
4, 4
4, 14
4, 4
5, 5
5, 6
5, 6
5, 6
6, 6
6, 5
6, 6
6, 6
7, 7
7, 7
7, 7
7, 7
8, 8
8, 6
8, 8
8, 8
9, 9
9, 9
9, 9
9, 9
10, 8
10, 6
10, 7
10, 18
11, 11
11, 11
11, 14
11, 11
12, 12
12, 12
12, 12
12, 14
13, 0
13, 13
13, 13
13, 13
14, 14
14, 14
14, 14
14, 14
15, 6
15, 6
15, 6
15, 14
16, 14
16, 14
16, 14
16, 14
17, 17
17, 17
17, 17
17, 17
18, 18
18, 17
18, 18
18, 8
19, 19
19, 19
19, 19
19, 19
20, 20
20, 20
20, 20
20, 20
21, 24
21, 32
21, 32
21, 20
22, 22
22, 22
22, 22
22, 22
23, 24
23, 22
23, 20
23, 28
24, 22
24, 24
24, 24
24, 24
25, 31
25, 31
25, 28
25, 35
26, 35
26, 27
26, 27
26, 22
27, 27
27, 27
27, 27
27, 27
28, 28
28, 28
28, 27
28, 28
29, 29
29, 29
29, 28
29, 29
30, 30
30, 30
30, 30
30, 30
31, 31
31, 31
31, 31
31, 31
32, 32
32, 32
32, 32
32, 32
33, 34
33, 34
33, 34
33, 34
34, 34
34, 34
34, 34
34, 34
35, 35
35, 35
35, 35
35, 35
36, 20
36, 35
36, 35
36, 36
37, 28
37, 29
37, 27
37, 28
38, 27
38, 29
38, 32
38, 28
39, 28
39, 32
39, 29
39, 29
E, 30
0, 0
0, 0
0, 0
0, 14
1, 1
1, 11
1, 14
1, 1
2, 2
2, 2
2, 2
2, 2
3, 3
3, 2
3, 3
3, 5
4, 4
4, 4
4, 14
4, 4
5, 5
5, 5
5, 3
5, 6
6, 6
6, 5
6, 5
6, 6
7, 7
7, 7
7, 7
7, 7
8, 8
8, 6
8, 8
8, 8
9, 9
9, 9
9, 9
9, 0
10, 3
10, 0
10, 7
10, 18
11, 11
11, 11
11, 14
11, 11
12, 12
12, 12
12, 12
12, 14
13, 0
13, 13
13, 13
13, 13
14, 14
14, 14
14, 14
14, 14
15, 6
15, 3
15, 7
15, 14
16, 14
16, 14
16, 14
16, 14
17, 17
17, 17
17, 17
17, 17
18, 18
18, 7
18, 18
18, 8
19, 19
19, 19
19, 19
19, 19
20, 20
20, 20
20, 20
20, 20
21, 32
21, 22
21, 32
21, 22
22, 22
22, 22
22, 22
22, 22
23, 24
23, 22
23, 20
23, 28
24, 22
24, 24
24, 24
24, 24
25, 27
25, 28
25, 32
25, 35
26, 35
26, 26
26, 27
26, 22
27, 27
27, 27
27, 27
27, 27
28, 28
28, 28
28, 28
28, 28
29, 29
29, 29
29, 28
29, 29
30, 30
30, 30
30, 30
30, 30
31, 31
31, 31
31, 31
31, 31
32, 32
32, 32
32, 32
32, 32
33, 34
33, 34
33, 34
33, 34
34, 34
34, 34
34, 34
34, 34
35, 35
35, 35
35, 35
35, 35
36, 22
36, 35
36, 35
36, 36
37, 28
37, 29
37, 27
37, 28
38, 27
38, 29
38, 32
38, 28
39, 28
39, 32
39, 29
39, 29
E, 31
0, 0
0, 0
0, 0
0, 14
1, 1
1, 12
1, 12
1, 1
2, 2
2, 2
2, 2
2, 5
3, 3
3, 2
3, 4
3, 5
4, 4
4, 4
4, 14
4, 4
5, 5
5, 6
5, 3
5, 6
6, 6
6, 5
6, 5
6, 6
7, 7
7, 7
7, 7
7, 7
8, 8
8, 2
8, 8
8, 8
9, 9
9, 9
9, 9
9, 9
10, 3
10, 4
10, 7
10, 4
11, 11
11, 11
11, 14
11, 11
12, 12
12, 12
12, 12
12, 14
13, 0
13, 13
13, 13
13, 13
14, 14
14, 14
14, 14
14, 14
15, 6
15, 4
15, 7
15, 14
16, 14
16, 14
16, 14
16, 14
17, 17
17, 17
17, 17
17, 17
18, 18
18, 7
18, 18
18, 8
19, 19
19, 19
19, 19
19, 19
20, 20
20, 20
20, 20
20, 20
21, 24
21, 22
21, 33
21, 22
22, 22
22, 22
22, 22
22, 22
23, 24
23, 22
23, 24
23, 24
24, 24
24, 24
24, 24
24, 24
25, 26
25, 26
25, 24
25, 35
26, 35
26, 26
26, 26
26, 24
27, 27
27, 27
27, 27
27, 27
28, 28
28, 28
28, 28
28, 28
29, 29
29, 29
29, 28
29, 29
30, 30
30, 30
30, 30
30, 30
31, 31
31, 31
31, 31
31, 31
32, 32
32, 32
32, 32
32, 32
33, 33
33, 33
33, 34
33, 34
34, 34
34, 34
34, 34
34, 33
35, 35
35, 35
35, 35
35, 35
36, 36
36, 35
36, 35
36, 36
37, 28
37, 37
37, 27
37, 28
38, 24
38, 37
38, 32
38, 28
39, 28
39, 24
39, 29
39, 29
E, 32
0, 0
0, 0
0, 0
0, 14
1, 1
1, 11
1, 12
1, 1
2, 2
2, 2
2, 2
2, 3
3, 3
3, 2
3, 3
3, 5
4, 4
4, 4
4, 14
4, 4
5, 5
5, 6
5, 3
5, 3
6, 6
6, 5
6, 6
6, 6
7, 7
7, 7
7, 7
7, 7
8, 8
8, 2
8, 8
8, 8
9, 9
9, 9
9, 9
9, 0
10, 3
10, 3
10, 7
10, 7
11, 11
11, 11
11, 14
11, 11
12, 12
12, 12
12, 12
12, 14
13, 0
13, 13
13, 13
13, 13
14, 14
14, 14
14, 14
14, 14
15, 6
15, 3
15, 3
15, 14
16, 14
16, 14
16, 14
16, 14
17, 17
17, 17
17, 17
17, 17
18, 18
18, 7
18, 18
18, 8
19, 19
19, 19
19, 19
19, 19
20, 20
20, 20
20, 20
20, 20
21, 24
21, 22
21, 33
21, 22
22, 22
22, 22
22, 22
22, 22
23, 24
23, 22
23, 24
23, 28
24, 24
24, 24
24, 24
24, 24
25, 26
25, 26
25, 32
25, 35
26, 26
26, 26
26, 26
26, 24
27, 27
27, 27
27, 27
27, 27
28, 28
28, 28
28, 28
28, 28
29, 29
29, 29
29, 28
29, 29
30, 30
30, 30
30, 30
30, 30
31, 31
31, 31
31, 31
31, 31
32, 32
32, 32
32, 32
32, 32
33, 33
33, 33
33, 34
33, 34
34, 34
34, 34
34, 34
34, 33
35, 35
35, 35
35, 35
35, 35
36, 36
36, 35
36, 35
36, 36
37, 28
37, 37
37, 37
37, 28
38, 27
38, 37
38, 39
38, 28
39, 37
39, 32
39, 37
39, 27
E, 33
0, 0
0, 0
0, 0
0, 14
1, 1
1, 12
1, 1
1, 1
2, 2
2, 2
2, 2
2, 3
3, 3
3, 2
3, 3
3, 5
4, 4
4, 4
4, 14
4, 4
5, 5
5, 6
5, 3
5, 3
6, 6
6, 5
6, 6
6, 6
7, 7
7, 7
7, 7
7, 7
8, 8
8, 8
8, 8
8, 8
9, 9
9, 9
9, 9
9, 0
10, 3
10, 3
10, 7
10, 18
11, 11
11, 11
11, 14
11, 11
12, 12
12, 12
12, 12
12, 14
13, 0
13, 13
13, 13
13, 13
14, 14
14, 14
14, 14
14, 14
15, 6
15, 3
15, 3
15, 14
16, 14
16, 14
16, 14
16, 14
17, 17
17, 17
17, 17
17, 17
18, 18
18, 7
18, 18
18, 8
19, 19
19, 19
19, 19
19, 19
20, 20
20, 20
20, 20
20, 20
21, 33
21, 22
21, 33
21, 22
22, 22
22, 22
22, 22
22, 22
23, 24
23, 22
23, 24
23, 28
24, 24
24, 24
24, 24
24, 24
25, 26
25, 26
25, 39
25, 28
26, 26
26, 26
26, 26
26, 24
27, 27
27, 27
27, 27
27, 27
28, 28
28, 28
28, 28
28, 28
29, 29
29, 29
29, 28
29, 29
30, 30
30, 30
30, 30
30, 30
31, 31
31, 26
31, 31
31, 31
32, 32
32, 32
32, 32
32, 32
33, 33
33, 33
33, 33
33, 33
34, 34
34, 34
34, 34
34, 33
35, 35
35, 35
35, 35
35, 35
36, 36
36, 35
36, 35
36, 36
37, 28
37, 37
37, 37
37, 28
38, 27
38, 37
38, 39
38, 28
39, 28
39, 39
39, 37
39, 27
E, 34
0, 0
0, 0
0, 0
0, 14
1, 1
1, 2
1, 1
1, 1
2, 2
2, 2
2, 2
2, 3
3, 3
3, 2
3, 3
3, 3
4, 4
4, 4
4, 14
4, 4
5, 5
5, 5
5, 3
5, 3
6, 6
6, 5
6, 5
6, 6
7, 7
7, 7
7, 7
7, 7
8, 8
8, 2
8, 8
8, 8
9, 9
9, 9
9, 9
9, 0
10, 3
10, 3
10, 7
10, 18
11, 11
11, 11
11, 14
11, 11
12, 12
12, 12
12, 12
12, 14
13, 0
13, 13
13, 13
13, 13
14, 14
14, 14
14, 14
14, 14
15, 6
15, 3
15, 3
15, 14
16, 14
16, 14
16, 14
16, 14
17, 17
17, 17
17, 17
17, 17
18, 18
18, 7
18, 18
18, 8
19, 19
19, 19
19, 19
19, 19
20, 20
20, 20
20, 20
20, 20
21, 36
21, 22
21, 33
21, 22
22, 22
22, 22
22, 22
22, 22
23, 24
23, 22
23, 24
23, 36
24, 24
24, 24
24, 24
24, 24
25, 26
25, 26
25, 39
25, 36
26, 26
26, 26
26, 26
26, 24
27, 27
27, 27
27, 27
27, 27
28, 28
28, 28
28, 28
28, 28
29, 29
29, 29
29, 28
29, 29
30, 30
30, 30
30, 30
30, 30
31, 31
31, 26
31, 31
31, 31
32, 32
32, 32
32, 32
32, 32
33, 33
33, 33
33, 34
33, 33
34, 34
34, 34
34, 34
34, 34
35, 35
35, 35
35, 35
35, 35
36, 36
36, 35
36, 35
36, 36
37, 28
37, 37
37, 37
37, 37
38, 27
38, 37
38, 39
38, 28
39, 37
39, 39
39, 37
39, 27
E, 35
0, 0
0, 0
0, 0
0, 14
1, 1
1, 12
1, 1
1, 1
2, 2
2, 2
2, 2
2, 3
3, 3
3, 2
3, 3
3, 5
4, 4
4, 4
4, 14
4, 4
5, 5
5, 6
5, 3
5, 3
6, 6
6, 5
6, 5
6, 6
7, 7
7, 7
7, 7
7, 7
8, 8
8, 2
8, 8
8, 8
9, 9
9, 9
9, 9
9, 0
10, 3
10, 3
10, 7
10, 18
11, 11
11, 11
11, 14
11, 11
12, 12
12, 12
12, 12
12, 14
13, 0
13, 13
13, 13
13, 13
14, 14
14, 14
14, 14
14, 14
15, 6
15, 3
15, 3
15, 14
16, 14
16, 14
16, 14
16, 14
17, 17
17, 17
17, 17
17, 17
18, 18
18, 17
18, 18
18, 8
19, 19
19, 19
19, 19
19, 19
20, 20
20, 20
20, 20
20, 20
21, 36
21, 22
21, 33
21, 22
22, 22
22, 22
22, 22
22, 22
23, 24
23, 22
23, 24
23, 33
24, 24
24, 24
24, 24
24, 24
25, 26
25, 26
25, 39
25, 26
26, 26
26, 26
26, 26
26, 24
27, 27
27, 27
27, 27
27, 27
28, 28
28, 28
28, 28
28, 28
29, 29
29, 29
29, 28
29, 29
30, 30
30, 30
30, 30
30, 30
31, 31
31, 26
31, 31
31, 31
32, 32
32, 32
32, 32
32, 32
33, 33
33, 33
33, 33
33, 33
34, 34
34, 34
34, 34
34, 33
35, 35
35, 35
35, 35
35, 35
36, 36
36, 35
36, 35
36, 36
37, 28
37, 37
37, 37
37, 39
38, 27
38, 39
38, 39
38, 28
39, 39
39, 39
39, 39
39, 27
E, 36
0, 0
0, 0
0, 0
0, 14
1, 1
1, 11
1, 1
1, 1
2, 2
2, 2
2, 2
2, 3
3, 3
3, 2
3, 3
3, 3
4, 4
4, 4
4, 14
4, 4
5, 5
5, 6
5, 3
5, 3
6, 6
6, 5
6, 6
6, 6
7, 7
7, 7
7, 7
7, 7
8, 8
8, 6
8, 8
8, 8
9, 9
9, 9
9, 9
9, 0
10, 3
10, 3
10, 7
10, 18
11, 11
11, 11
11, 14
11, 11
12, 12
12, 12
12, 12
12, 14
13, 0
13, 13
13, 13
13, 13
14, 14
14, 14
14, 14
14, 14
15, 6
15, 3
15, 3
15, 14
16, 14
16, 14
16, 14
16, 14
17, 17
17, 17
17, 17
17, 17
18, 18
18, 17
18, 18
18, 18
19, 19
19, 19
19, 19
19, 19
20, 20
20, 20
20, 20
20, 20
21, 36
21, 22
21, 33
21, 22
22, 22
22, 22
22, 22
22, 22
23, 24
23, 22
23, 24
23, 33
24, 24
24, 24
24, 24
24, 24
25, 26
25, 26
25, 39
25, 26
26, 26
26, 26
26, 26
26, 24
27, 27
27, 27
27, 27
27, 27
28, 28
28, 28
28, 28
28, 28
29, 29
29, 29
29, 28
29, 29
30, 30
30, 30
30, 30
30, 30
31, 31
31, 26
31, 31
31, 31
32, 32
32, 32
32, 32
32, 32
33, 33
33, 33
33, 33
33, 33
34, 34
34, 34
34, 34
34, 34
35, 35
35, 35
35, 35
35, 35
36, 36
36, 35
36, 35
36, 36
37, 28
37, 37
37, 37
37, 37
38, 27
38, 39
38, 39
38, 28
39, 37
39, 39
39, 39
39, 27
E, 37
0, 0
0, 0
0, 0
0, 14
1, 1
1, 12
1, 1
1, 1
2, 2
2, 2
2, 2
2, 3
3, 3
3, 2
3, 3
3, 5
4, 4
4, 4
4, 14
4, 4
5, 5
5, 6
5, 3
5, 6
6, 6
6, 5
6, 6
6, 6
7, 7
7, 7
7, 7
7, 7
8, 8
8, 6
8, 8
8, 8
9, 9
9, 9
9, 9
9, 0
10, 3
10, 3
10, 7
10, 18
11, 11
11, 11
11, 14
11, 11
12, 12
12, 12
12, 12
12, 14
13, 14
13, 13
13, 13
13, 13
14, 14
14, 14
14, 14
14, 14
15, 6
15, 3
15, 7
15, 14
16, 14
16, 14
16, 14
16, 14
17, 17
17, 17
17, 17
17, 17
18, 18
18, 17
18, 18
18, 8
19, 19
19, 19
19, 19
19, 19
20, 20
20, 20
20, 20
20, 20
21, 36
21, 22
21, 33
21, 22
22, 22
22, 22
22, 22
22, 22
23, 36
23, 22
23, 24
23, 33
24, 24
24, 24
24, 24
24, 24
25, 26
25, 26
25, 39
25, 26
26, 26
26, 26
26, 26
26, 24
27, 27
27, 27
27, 27
27, 27
28, 28
28, 28
28, 28
28, 28
29, 29
29, 29
29, 39
29, 29
30, 30
30, 30
30, 30
30, 30
31, 31
31, 26
31, 31
31, 31
32, 32
32, 32
32, 32
32, 32
33, 33
33, 33
33, 33
33, 33
34, 34
34, 34
34, 34
34, 34
35, 35
35, 35
35, 35
35, 35
36, 36
36, 36
36, 35
36, 36
37, 28
37, 37
37, 37
37, 39
38, 27
38, 39
38, 39
38, 28
39, 39
39, 39
39, 39
39, 39
E, 38
0, 0
0, 0
0, 0
0, 14
1, 1
1, 2
1, 1
1, 1
2, 2
2, 2
2, 2
2, 3
3, 3
3, 2
3, 3
3, 3
4, 4
4, 4
4, 14
4, 4
5, 5
5, 6
5, 3
5, 3
6, 6
6, 5
6, 5
6, 6
7, 7
7, 7
7, 7
7, 7
8, 8
8, 8
8, 8
8, 8
9, 9
9, 9
9, 9
9, 11
10, 3
10, 3
10, 7
10, 18
11, 11
11, 11
11, 11
11, 11
12, 12
12, 12
12, 12
12, 14
13, 14
13, 13
13, 13
13, 13
14, 14
14, 14
14, 14
14, 14
15, 6
15, 3
15, 3
15, 14
16, 11
16, 14
16, 14
16, 14
17, 17
17, 17
17, 17
17, 17
18, 18
18, 17
18, 18
18, 8
19, 19
19, 19
19, 19
19, 19
20, 20
20, 20
20, 20
20, 20
21, 36
21, 22
21, 33
21, 22
22, 22
22, 22
22, 22
22, 22
23, 36
23, 22
23, 24
23, 33
24, 24
24, 24
24, 24
24, 24
25, 26
25, 26
25, 39
25, 36
26, 26
26, 26
26, 26
26, 39
27, 27
27, 27
27, 27
27, 27
28, 28
28, 28
28, 28
28, 28
29, 29
29, 29
29, 39
29, 29
30, 30
30, 30
30, 30
30, 30
31, 31
31, 33
31, 31
31, 31
32, 32
32, 32
32, 32
32, 32
33, 33
33, 33
33, 33
33, 33
34, 34
34, 34
34, 34
34, 34
35, 35
35, 35
35, 35
35, 35
36, 36
36, 36
36, 35
36, 36
37, 28
37, 37
37, 37
37, 39
38, 27
38, 39
38, 39
38, 28
39, 39
39, 39
39, 39
39, 39
E, 39
0, 0
0, 0
0, 0
0, 14
1, 1
1, 2
1, 1
1, 1
2, 2
2, 2
2, 2
2, 3
3, 3
3, 2
3, 3
3, 3
4, 4
4, 4
4, 14
4, 4
5, 5
5, 6
5, 3
5, 3
6, 6
6, 5
6, 6
6, 6
7, 7
7, 7
7, 7
7, 7
8, 8
8, 8
8, 8
8, 8
9, 9
9, 9
9, 9
9, 0
10, 3
10, 3
10, 7
10, 18
11, 11
11, 11
11, 14
11, 11
12, 12
12, 12
12, 12
12, 14
13, 14
13, 13
13, 13
13, 13
14, 14
14, 14
14, 14
14, 14
15, 6
15, 3
15, 3
15, 14
16, 14
16, 14
16, 14
16, 14
17, 17
17, 17
17, 17
17, 17
18, 18
18, 17
18, 18
18, 8
19, 19
19, 19
19, 19
19, 19
20, 20
20, 20
20, 20
20, 20
21, 36
21, 22
21, 33
21, 22
22, 22
22, 22
22, 22
22, 22
23, 36
23, 22
23, 24
23, 33
24, 24
24, 24
24, 24
24, 24
25, 26
25, 26
25, 39
25, 26
26, 26
26, 26
26, 26
26, 24
27, 27
27, 27
27, 27
27, 27
28, 28
28, 28
28, 28
28, 28
29, 29
29, 29
29, 28
29, 29
30, 30
30, 30
30, 30
30, 30
31, 31
31, 33
31, 31
31, 31
32, 32
32, 32
32, 32
32, 32
33, 33
33, 33
33, 33
33, 33
34, 34
34, 34
34, 34
34, 34
35, 35
35, 35
35, 35
35, 35
36, 36
36, 36
36, 35
36, 36
37, 28
37, 37
37, 37
37, 39
38, 27
38, 39
38, 39
38, 28
39, 39
39, 39
39, 39
39, 39
E, 40
0, 0
0, 0
0, 0
0, 14
1, 1
1, 2
1, 1
1, 1
2, 2
2, 2
2, 2
2, 3
3, 3
3, 2
3, 3
3, 3
4, 4
4, 4
4, 14
4, 4
5, 5
5, 6
5, 3
5, 3
6, 6
6, 5
6, 6
6, 6
7, 7
7, 7
7, 7
7, 7
8, 8
8, 8
8, 8
8, 8
9, 9
9, 9
9, 9
9, 11
10, 3
10, 3
10, 7
10, 18
11, 11
11, 11
11, 11
11, 11
12, 12
12, 12
12, 12
12, 14
13, 14
13, 13
13, 13
13, 13
14, 14
14, 14
14, 14
14, 14
15, 6
15, 3
15, 3
15, 14
16, 11
16, 14
16, 14
16, 14
17, 17
17, 17
17, 17
17, 17
18, 18
18, 17
18, 18
18, 8
19, 19
19, 19
19, 19
19, 19
20, 20
20, 20
20, 20
20, 20
21, 36
21, 22
21, 33
21, 22
22, 22
22, 22
22, 22
22, 22
23, 36
23, 22
23, 24
23, 33
24, 24
24, 24
24, 24
24, 24
25, 26
25, 26
25, 39
25, 26
26, 26
26, 26
26, 26
26, 24
27, 27
27, 27
27, 27
27, 27
28, 28
28, 28
28, 28
28, 28
29, 29
29, 29
29, 28
29, 29
30, 30
30, 30
30, 30
30, 30
31, 31
31, 33
31, 31
31, 31
32, 32
32, 32
32, 32
32, 32
33, 33
33, 33
33, 33
33, 33
34, 34
34, 34
34, 34
34, 34
35, 35
35, 35
35, 35
35, 35
36, 36
36, 36
36, 36
36, 36
37, 28
37, 37
37, 37
37, 39
38, 27
38, 39
38, 39
38, 28
39, 39
39, 39
39, 39
39, 39
E, 41
0, 0
0, 0
0, 0
0, 14
1, 1
1, 12
1, 1
1, 1
2, 2
2, 2
2, 2
2, 3
3, 3
3, 2
3, 3
3, 3
4, 4
4, 4
4, 14
4, 4
5, 5
5, 6
5, 3
5, 3
6, 6
6, 5
6, 6
6, 6
7, 7
7, 7
7, 7
7, 7
8, 8
8, 8
8, 8
8, 8
9, 9
9, 9
9, 9
9, 0
10, 3
10, 3
10, 7
10, 18
11, 11
11, 11
11, 14
11, 11
12, 12
12, 12
12, 12
12, 14
13, 14
13, 13
13, 13
13, 13
14, 14
14, 14
14, 14
14, 14
15, 6
15, 3
15, 3
15, 14
16, 11
16, 14
16, 14
16, 14
17, 17
17, 17
17, 17
17, 17
18, 18
18, 17
18, 18
18, 18
19, 19
19, 19
19, 19
19, 19
20, 20
20, 20
20, 20
20, 20
21, 36
21, 22
21, 33
21, 22
22, 22
22, 22
22, 22
22, 22
23, 36
23, 22
23, 24
23, 33
24, 24
24, 24
24, 24
24, 24
25, 26
25, 26
25, 32
25, 26
26, 26
26, 26
26, 26
26, 24
27, 27
27, 27
27, 27
27, 27
28, 28
28, 28
28, 28
28, 28
29, 29
29, 29
29, 39
29, 29
30, 30
30, 30
30, 30
30, 30
31, 31
31, 33
31, 31
31, 31
32, 32
32, 32
32, 32
32, 32
33, 33
33, 33
33, 33
33, 33
34, 34
34, 34
34, 34
34, 34
35, 35
35, 35
35, 35
35, 35
36, 36
36, 36
36, 36
36, 36
37, 28
37, 37
37, 37
37, 39
38, 27
38, 39
38, 39
38, 28
39, 39
39, 39
39, 39
39, 39
E, 42
0, 0
0, 0
0, 0
0, 14
1, 1
1, 12
1, 1
1, 1
2, 2
2, 2
2, 2
2, 3
3, 3
3, 2
3, 3
3, 3
4, 4
4, 4
4, 14
4, 4
5, 5
5, 6
5, 3
5, 3
6, 6
6, 5
6, 6
6, 6
7, 7
7, 7
7, 7
7, 7
8, 8
8, 8
8, 8
8, 8
9, 9
9, 9
9, 9
9, 0
10, 3
10, 3
10, 7
10, 18
11, 11
11, 11
11, 14
11, 11
12, 12
12, 12
12, 12
12, 14
13, 14
13, 13
13, 13
13, 13
14, 14
14, 14
14, 14
14, 14
15, 6
15, 3
15, 7
15, 14
16, 11
16, 14
16, 14
16, 14
17, 17
17, 17
17, 17
17, 17
18, 18
18, 17
18, 18
18, 18
19, 19
19, 19
19, 19
19, 19
20, 20
20, 20
20, 20
20, 20
21, 36
21, 22
21, 33
21, 22
22, 22
22, 22
22, 22
22, 22
23, 33
23, 22
23, 33
23, 33
24, 24
24, 24
24, 24
24, 24
25, 26
25, 26
25, 32
25, 26
26, 26
26, 26
26, 26
26, 39
27, 27
27, 27
27, 27
27, 27
28, 28
28, 28
28, 28
28, 28
29, 29
29, 29
29, 28
29, 29
30, 30
30, 30
30, 30
30, 30
31, 31
31, 33
31, 31
31, 31
32, 32
32, 32
32, 32
32, 32
33, 33
33, 33
33, 33
33, 33
34, 34
34, 34
34, 34
34, 34
35, 35
35, 35
35, 35
35, 35
36, 36
36, 36
36, 36
36, 36
37, 28
37, 37
37, 37
37, 37
38, 27
38, 39
38, 39
38, 28
39, 39
39, 39
39, 39
39, 39
E, 43
0, 0
0, 0
0, 0
0, 14
1, 1
1, 12
1, 1
1, 1
2, 2
2, 2
2, 2
2, 3
3, 3
3, 2
3, 3
3, 3
4, 4
4, 4
4, 14
4, 4
5, 5
5, 6
5, 3
5, 3
6, 6
6, 5
6, 5
6, 6
7, 7
7, 7
7, 7
7, 7
8, 8
8, 8
8, 8
8, 8
9, 9
9, 9
9, 9
9, 0
10, 3
10, 3
10, 18
10, 18
11, 11
11, 11
11, 11
11, 11
12, 12
12, 12
12, 12
12, 14
13, 0
13, 13
13, 13
13, 13
14, 14
14, 14
14, 14
14, 14
15, 18
15, 3
15, 7
15, 14
16, 11
16, 14
16, 14
16, 14
17, 17
17, 17
17, 17
17, 17
18, 18
18, 17
18, 18
18, 18
19, 19
19, 19
19, 19
19, 19
20, 20
20, 20
20, 20
20, 20
21, 36
21, 22
21, 33
21, 22
22, 22
22, 22
22, 22
22, 22
23, 33
23, 22
23, 24
23, 33
24, 24
24, 24
24, 24
24, 24
25, 26
25, 26
25, 32
25, 26
26, 26
26, 26
26, 26
26, 39
27, 27
27, 27
27, 27
27, 27
28, 28
28, 28
28, 28
28, 28
29, 29
29, 29
29, 28
29, 29
30, 30
30, 30
30, 30
30, 30
31, 31
31, 33
31, 31
31, 31
32, 32
32, 32
32, 32
32, 32
33, 33
33, 33
33, 33
33, 33
34, 34
34, 34
34, 34
34, 34
35, 35
35, 35
35, 35
35, 35
36, 36
36, 36
36, 35
36, 36
37, 28
37, 37
37, 37
37, 37
38, 27
38, 39
38, 39
38, 28
39, 39
39, 39
39, 39
39, 39
E, 44
0, 0
0, 0
0, 0
0, 14
1, 1
1, 2
1, 1
1, 1
2, 2
2, 2
2, 2
2, 3
3, 3
3, 2
3, 3
3, 3
4, 4
4, 4
4, 14
4, 4
5, 5
5, 6
5, 3
5, 3
6, 6
6, 5
6, 6
6, 6
7, 7
7, 7
7, 7
7, 7
8, 8
8, 8
8, 8
8, 8
9, 9
9, 9
9, 9
9, 0
10, 3
10, 3
10, 18
10, 18
11, 11
11, 11
11, 11
11, 11
12, 12
12, 12
12, 12
12, 14
13, 14
13, 13
13, 13
13, 13
14, 14
14, 14
14, 14
14, 14
15, 18
15, 3
15, 7
15, 14
16, 11
16, 14
16, 14
16, 14
17, 17
17, 17
17, 17
17, 17
18, 18
18, 17
18, 18
18, 18
19, 19
19, 19
19, 19
19, 19
20, 20
20, 20
20, 20
20, 20
21, 36
21, 22
21, 33
21, 22
22, 22
22, 22
22, 22
22, 22
23, 24
23, 22
23, 24
23, 33
24, 24
24, 24
24, 24
24, 24
25, 26
25, 26
25, 32
25, 26
26, 26
26, 26
26, 26
26, 24
27, 27
27, 27
27, 27
27, 27
28, 28
28, 28
28, 28
28, 28
29, 29
29, 29
29, 28
29, 29
30, 30
30, 30
30, 30
30, 30
31, 31
31, 33
31, 31
31, 31
32, 32
32, 32
32, 32
32, 32
33, 33
33, 33
33, 33
33, 33
34, 34
34, 34
34, 34
34, 34
35, 35
35, 35
35, 35
35, 35
36, 36
36, 36
36, 36
36, 36
37, 28
37, 37
37, 37
37, 37
38, 27
38, 39
38, 39
38, 28
39, 29
39, 39
39, 39
39, 39
E, 45
0, 0
0, 0
0, 0
0, 14
1, 1
1, 2
1, 1
1, 1
2, 2
2, 2
2, 2
2, 3
3, 3
3, 2
3, 3
3, 3
4, 4
4, 4
4, 14
4, 4
5, 5
5, 6
5, 3
5, 3
6, 6
6, 5
6, 6
6, 6
7, 7
7, 7
7, 7
7, 7
8, 8
8, 8
8, 8
8, 8
9, 9
9, 9
9, 9
9, 9
10, 3
10, 3
10, 18
10, 18
11, 11
11, 11
11, 11
11, 11
12, 12
12, 12
12, 12
12, 14
13, 14
13, 13
13, 13
13, 13
14, 14
14, 14
14, 14
14, 14
15, 6
15, 3
15, 3
15, 14
16, 11
16, 14
16, 14
16, 14
17, 17
17, 17
17, 17
17, 17
18, 18
18, 17
18, 18
18, 18
19, 19
19, 19
19, 19
19, 19
20, 20
20, 20
20, 20
20, 20
21, 36
21, 22
21, 33
21, 22
22, 22
22, 22
22, 22
22, 22
23, 36
23, 22
23, 24
23, 33
24, 24
24, 24
24, 24
24, 24
25, 26
25, 26
25, 32
25, 26
26, 26
26, 26
26, 26
26, 24
27, 27
27, 27
27, 27
27, 27
28, 28
28, 28
28, 28
28, 28
29, 29
29, 29
29, 28
29, 29
30, 30
30, 30
30, 30
30, 30
31, 31
31, 33
31, 31
31, 31
32, 32
32, 32
32, 32
32, 32
33, 33
33, 33
33, 33
33, 33
34, 34
34, 34
34, 34
34, 34
35, 35
35, 35
35, 35
35, 35
36, 36
36, 36
36, 36
36, 36
37, 28
37, 37
37, 37
37, 37
38, 27
38, 39
38, 39
38, 28
39, 39
39, 39
39, 39
39, 39
E, 46
0, 0
0, 0
0, 0
0, 14
1, 1
1, 2
1, 1
1, 1
2, 2
2, 2
2, 2
2, 3
3, 3
3, 2
3, 3
3, 3
4, 4
4, 4
4, 14
4, 4
5, 5
5, 6
5, 3
5, 3
6, 6
6, 5
6, 6
6, 6
7, 7
7, 7
7, 7
7, 7
8, 8
8, 8
8, 8
8, 8
9, 9
9, 9
9, 9
9, 0
10, 3
10, 3
10, 18
10, 18
11, 11
11, 11
11, 11
11, 11
12, 12
12, 12
12, 12
12, 14
13, 0
13, 13
13, 13
13, 13
14, 14
14, 14
14, 14
14, 14
15, 6
15, 3
15, 3
15, 14
16, 11
16, 14
16, 14
16, 14
17, 17
17, 17
17, 17
17, 17
18, 18
18, 17
18, 18
18, 18
19, 19
19, 19
19, 19
19, 19
20, 20
20, 20
20, 20
20, 20
21, 36
21, 22
21, 33
21, 22
22, 22
22, 22
22, 22
22, 22
23, 36
23, 22
23, 24
23, 36
24, 24
24, 24
24, 24
24, 24
25, 26
25, 26
25, 32
25, 26
26, 26
26, 26
26, 26
26, 39
27, 27
27, 27
27, 27
27, 27
28, 28
28, 28
28, 28
28, 28
29, 29
29, 29
29, 28
29, 29
30, 30
30, 30
30, 30
30, 30
31, 31
31, 33
31, 31
31, 31
32, 32
32, 32
32, 32
32, 32
33, 33
33, 33
33, 33
33, 33
34, 34
34, 34
34, 34
34, 34
35, 35
35, 35
35, 35
35, 35
36, 36
36, 36
36, 36
36, 36
37, 28
37, 37
37, 37
37, 37
38, 27
38, 39
38, 39
38, 28
39, 39
39, 39
39, 39
39, 39
E, 47
0, 0
0, 0
0, 0
0, 14
1, 1
1, 11
1, 1
1, 1
2, 2
2, 2
2, 2
2, 3
3, 3
3, 2
3, 3
3, 3
4, 4
4, 4
4, 14
4, 4
5, 5
5, 6
5, 3
5, 6
6, 6
6, 5
6, 6
6, 6
7, 7
7, 7
7, 7
7, 7
8, 8
8, 8
8, 8
8, 8
9, 9
9, 9
9, 9
9, 13
10, 3
10, 3
10, 7
10, 18
11, 11
11, 11
11, 11
11, 11
12, 12
12, 12
12, 12
12, 14
13, 0
13, 13
13, 13
13, 13
14, 14
14, 14
14, 14
14, 14
15, 13
15, 3
15, 7
15, 13
16, 11
16, 14
16, 14
16, 14
17, 17
17, 17
17, 17
17, 17
18, 18
18, 17
18, 18
18, 18
19, 19
19, 19
19, 19
19, 19
20, 20
20, 20
20, 20
20, 20
21, 36
21, 22
21, 33
21, 22
22, 22
22, 22
22, 22
22, 22
23, 36
23, 22
23, 33
23, 33
24, 24
24, 24
24, 24
24, 24
25, 26
25, 25
25, 25
25, 25
26, 26
26, 26
26, 26
26, 25
27, 27
27, 27
27, 27
27, 27
28, 28
28, 28
28, 28
28, 28
29, 29
29, 29
29, 25
29, 29
30, 30
30, 30
30, 30
30, 30
31, 31
31, 33
31, 31
31, 31
32, 32
32, 32
32, 32
32, 32
33, 33
33, 33
33, 33
33, 33
34, 34
34, 34
34, 34
34, 34
35, 35
35, 35
35, 35
35, 35
36, 36
36, 36
36, 36
36, 36
37, 28
37, 37
37, 37
37, 37
38, 27
38, 39
38, 39
38, 28
39, 39
39, 39
39, 39
39, 39
E, 48
0, 0
0, 0
0, 0
0, 14
1, 1
1, 11
1, 1
1, 1
2, 2
2, 2
2, 2
2, 3
3, 3
3, 2
3, 3
3, 3
4, 4
4, 4
4, 14
4, 4
5, 5
5, 6
5, 3
5, 3
6, 6
6, 5
6, 6
6, 6
7, 7
7, 7
7, 7
7, 7
8, 8
8, 8
8, 8
8, 8
9, 9
9, 9
9, 9
9, 9
10, 3
10, 3
10, 7
10, 18
11, 11
11, 11
11, 11
11, 11
12, 12
12, 12
12, 12
12, 14
13, 0
13, 13
13, 13
13, 13
14, 14
14, 14
14, 14
14, 14
15, 6
15, 3
15, 7
15, 13
16, 11
16, 14
16, 14
16, 14
17, 17
17, 17
17, 17
17, 17
18, 18
18, 17
18, 18
18, 18
19, 19
19, 19
19, 19
19, 19
20, 20
20, 20
20, 20
20, 20
21, 36
21, 22
21, 33
21, 22
22, 22
22, 22
22, 22
22, 22
23, 25
23, 22
23, 33
23, 33
24, 24
24, 24
24, 24
24, 24
25, 26
25, 25
25, 25
25, 25
26, 26
26, 26
26, 26
26, 25
27, 27
27, 27
27, 27
27, 27
28, 28
28, 28
28, 28
28, 28
29, 29
29, 29
29, 25
29, 29
30, 30
30, 30
30, 30
30, 30
31, 31
31, 25
31, 31
31, 31
32, 32
32, 32
32, 32
32, 32
33, 33
33, 33
33, 33
33, 33
34, 34
34, 34
34, 34
34, 34
35, 35
35, 35
35, 35
35, 35
36, 36
36, 36
36, 36
36, 36
37, 25
37, 37
37, 37
37, 37
38, 27
38, 39
38, 39
38, 28
39, 39
39, 39
39, 39
39, 39
E, 49
0, 0
0, 0
0, 0
0, 14
1, 1
1, 11
1, 1
1, 1
2, 2
2, 2
2, 2
2, 3
3, 3
3, 2
3, 3
3, 3
4, 4
4, 4
4, 14
4, 4
5, 5
5, 6
5, 3
5, 3
6, 6
6, 5
6, 5
6, 6
7, 7
7, 7
7, 7
7, 7
8, 8
8, 8
8, 8
8, 8
9, 9
9, 9
9, 9
9, 0
10, 3
10, 3
10, 7
10, 18
11, 11
11, 11
11, 11
11, 11
12, 12
12, 12
12, 12
12, 14
13, 0
13, 13
13, 13
13, 13
14, 14
14, 14
14, 14
14, 14
15, 6
15, 3
15, 7
15, 14
16, 11
16, 14
16, 14
16, 14
17, 17
17, 17
17, 17
17, 17
18, 18
18, 17
18, 18
18, 18
19, 19
19, 19
19, 19
19, 19
20, 20
20, 20
20, 20
20, 20
21, 36
21, 22
21, 33
21, 22
22, 22
22, 22
22, 22
22, 22
23, 25
23, 22
23, 33
23, 33
24, 24
24, 24
24, 24
24, 24
25, 26
25, 25
25, 25
25, 25
26, 26
26, 26
26, 26
26, 25
27, 27
27, 27
27, 27
27, 27
28, 28
28, 28
28, 28
28, 28
29, 29
29, 29
29, 25
29, 29
30, 30
30, 30
30, 30
30, 30
31, 31
31, 33
31, 31
31, 31
32, 32
32, 32
32, 32
32, 32
33, 33
33, 33
33, 33
33, 33
34, 34
34, 34
34, 34
34, 34
35, 35
35, 35
35, 35
35, 35
36, 36
36, 36
36, 36
36, 36
37, 25
37, 37
37, 37
37, 37
38, 27
38, 39
38, 39
38, 28
39, 39
39, 39
39, 39
39, 39
E, 50
0, 0
0, 0
0, 0
0, 14
1, 1
1, 11
1, 1
1, 1
2, 2
2, 2
2, 2
2, 3
3, 3
3, 2
3, 3
3, 3
4, 4
4, 4
4, 14
4, 4
5, 5
5, 6
5, 3
5, 3
6, 6
6, 5
6, 5
6, 6
7, 7
7, 7
7, 7
7, 7
8, 8
8, 8
8, 8
8, 8
9, 9
9, 9
9, 9
9, 9
10, 38
10, 38
10, 18
10, 38
11, 11
11, 11
11, 11
11, 11
12, 12
12, 12
12, 12
12, 14
13, 14
13, 13
13, 13
13, 13
14, 14
14, 14
14, 14
14, 14
15, 38
15, 3
15, 38
15, 14
16, 11
16, 14
16, 14
16, 14
17, 17
17, 17
17, 17
17, 17
18, 18
18, 17
18, 18
18, 18
19, 19
19, 19
19, 19
19, 19
20, 20
20, 20
20, 20
20, 20
21, 36
21, 22
21, 33
21, 22
22, 22
22, 22
22, 22
22, 22
23, 25
23, 22
23, 33
23, 33
24, 24
24, 24
24, 24
24, 24
25, 26
25, 25
25, 25
25, 38
26, 26
26, 26
26, 26
26, 25
27, 27
27, 27
27, 27
27, 27
28, 28
28, 28
28, 28
28, 28
29, 29
29, 29
29, 25
29, 38
30, 30
30, 30
30, 30
30, 30
31, 31
31, 33
31, 31
31, 31
32, 32
32, 32
32, 32
32, 32
33, 33
33, 33
33, 33
33, 33
34, 34
34, 34
34, 34
34, 34
35, 35
35, 35
35, 35
35, 35
36, 36
36, 36
36, 36
36, 36
37, 38
37, 37
37, 37
37, 37
38, 38
38, 38
38, 38
38, 38
39, 38
39, 39
39, 38
39, 38
E, 51
0, 0
0, 0
0, 0
0, 14
1, 1
1, 12
1, 1
1, 1
2, 2
2, 2
2, 2
2, 3
3, 3
3, 2
3, 3
3, 3
4, 4
4, 4
4, 14
4, 4
5, 5
5, 6
5, 3
5, 3
6, 6
6, 5
6, 6
6, 6
7, 7
7, 7
7, 7
7, 7
8, 8
8, 8
8, 8
8, 8
9, 9
9, 9
9, 9
9, 0
10, 10
10, 10
10, 18
10, 38
11, 11
11, 11
11, 14
11, 11
12, 12
12, 12
12, 12
12, 14
13, 14
13, 13
13, 13
13, 13
14, 14
14, 14
14, 14
14, 14
15, 38
15, 3
15, 10
15, 14
16, 11
16, 14
16, 14
16, 14
17, 17
17, 17
17, 17
17, 17
18, 18
18, 17
18, 18
18, 18
19, 19
19, 19
19, 19
19, 19
20, 20
20, 20
20, 20
20, 20
21, 36
21, 22
21, 33
21, 22
22, 22
22, 22
22, 22
22, 22
23, 25
23, 22
23, 33
23, 33
24, 24
24, 24
24, 24
24, 24
25, 26
25, 25
25, 25
25, 38
26, 26
26, 26
26, 26
26, 25
27, 27
27, 27
27, 27
27, 27
28, 28
28, 28
28, 28
28, 28
29, 29
29, 29
29, 25
29, 38
30, 30
30, 30
30, 30
30, 30
31, 31
31, 33
31, 31
31, 31
32, 32
32, 32
32, 32
32, 32
33, 33
33, 33
33, 33
33, 33
34, 34
34, 34
34, 34
34, 34
35, 35
35, 35
35, 35
35, 35
36, 36
36, 36
36, 36
36, 36
37, 28
37, 37
37, 37
37, 37
38, 38
38, 38
38, 39
38, 28
39, 39
39, 39
39, 39
39, 39
E, 52
0, 0
0, 0
0, 0
0, 14
1, 1
1, 12
1, 1
1, 1
2, 2
2, 2
2, 2
2, 2
3, 3
3, 2
3, 3
3, 3
4, 4
4, 4
4, 14
4, 4
5, 5
5, 6
5, 3
5, 6
6, 6
6, 5
6, 6
6, 6
7, 7
7, 7
7, 7
7, 7
8, 8
8, 8
8, 8
8, 8
9, 9
9, 9
9, 9
9, 0
10, 10
10, 10
10, 10
10, 10
11, 11
11, 11
11, 14
11, 11
12, 12
12, 12
12, 12
12, 14
13, 14
13, 13
13, 13
13, 13
14, 14
14, 14
14, 14
14, 14
15, 10
15, 10
15, 10
15, 14
16, 11
16, 10
16, 10
16, 14
17, 17
17, 17
17, 17
17, 17
18, 18
18, 10
18, 18
18, 18
19, 19
19, 19
19, 19
19, 19
20, 20
20, 20
20, 20
20, 20
21, 36
21, 22
21, 33
21, 22
22, 22
22, 22
22, 22
22, 22
23, 25
23, 25
23, 24
23, 25
24, 24
24, 24
24, 24
24, 24
25, 26
25, 25
25, 25
25, 38
26, 26
26, 26
26, 26
26, 25
27, 27
27, 27
27, 27
27, 27
28, 28
28, 28
28, 28
28, 28
29, 29
29, 29
29, 25
29, 29
30, 30
30, 30
30, 30
30, 30
31, 31
31, 25
31, 31
31, 31
32, 32
32, 32
32, 32
32, 32
33, 33
33, 33
33, 33
33, 33
34, 34
34, 34
34, 34
34, 34
35, 35
35, 35
35, 35
35, 35
36, 36
36, 36
36, 36
36, 36
37, 25
37, 37
37, 37
37, 37
38, 38
38, 38
38, 38
38, 28
39, 39
39, 39
39, 39
39, 39
E, 53
0, 0
0, 0
0, 0
0, 14
1, 1
1, 12
1, 1
1, 1
2, 2
2, 2
2, 2
2, 3
3, 3
3, 2
3, 3
3, 3
4, 4
4, 4
4, 14
4, 4
5, 5
5, 6
5, 3
5, 6
6, 6
6, 5
6, 6
6, 6
7, 7
7, 7
7, 7
7, 7
8, 8
8, 8
8, 8
8, 8
9, 9
9, 9
9, 9
9, 9
10, 10
10, 10
10, 10
10, 10
11, 11
11, 11
11, 14
11, 11
12, 12
12, 12
12, 12
12, 14
13, 0
13, 13
13, 13
13, 13
14, 14
14, 14
14, 14
14, 14
15, 10
15, 10
15, 10
15, 14
16, 11
16, 10
16, 10
16, 14
17, 17
17, 17
17, 17
17, 17
18, 18
18, 10
18, 18
18, 18
19, 19
19, 19
19, 19
19, 19
20, 20
20, 20
20, 20
20, 20
21, 36
21, 22
21, 33
21, 22
22, 22
22, 22
22, 22
22, 22
23, 25
23, 25
23, 33
23, 33
24, 24
24, 24
24, 24
24, 24
25, 26
25, 25
25, 25
25, 38
26, 26
26, 26
26, 26
26, 25
27, 27
27, 27
27, 27
27, 27
28, 28
28, 28
28, 28
28, 28
29, 29
29, 29
29, 25
29, 38
30, 30
30, 30
30, 30
30, 30
31, 31
31, 25
31, 31
31, 31
32, 32
32, 32
32, 32
32, 32
33, 33
33, 33
33, 33
33, 33
34, 34
34, 34
34, 34
34, 34
35, 35
35, 35
35, 35
35, 35
36, 36
36, 36
36, 36
36, 36
37, 28
37, 37
37, 37
37, 37
38, 38
38, 38
38, 39
38, 28
39, 39
39, 39
39, 39
39, 39
E, 54
0, 0
0, 0
0, 0
0, 14
1, 1
1, 12
1, 1
1, 1
2, 2
2, 2
2, 2
2, 3
3, 3
3, 2
3, 3
3, 3
4, 4
4, 4
4, 14
4, 4
5, 5
5, 6
5, 3
5, 3
6, 6
6, 5
6, 6
6, 6
7, 7
7, 10
7, 7
7, 7
8, 8
8, 8
8, 8
8, 8
9, 9
9, 9
9, 9
9, 9
10, 10
10, 10
10, 10
10, 10
11, 11
11, 11
11, 14
11, 11
12, 12
12, 12
12, 12
12, 14
13, 14
13, 13
13, 13
13, 13
14, 14
14, 14
14, 14
14, 14
15, 10
15, 10
15, 10
15, 14
16, 11
16, 10
16, 10
16, 14
17, 17
17, 17
17, 17
17, 17
18, 18
18, 10
18, 18
18, 18
19, 19
19, 19
19, 19
19, 19
20, 20
20, 20
20, 20
20, 20
21, 36
21, 22
21, 33
21, 22
22, 22
22, 22
22, 22
22, 22
23, 25
23, 25
23, 33
23, 33
24, 24
24, 24
24, 24
24, 24
25, 26
25, 25
25, 25
25, 38
26, 26
26, 26
26, 26
26, 25
27, 27
27, 27
27, 27
27, 27
28, 28
28, 28
28, 28
28, 28
29, 29
29, 29
29, 25
29, 38
30, 30
30, 30
30, 30
30, 30
31, 31
31, 33
31, 31
31, 31
32, 32
32, 32
32, 32
32, 32
33, 33
33, 33
33, 33
33, 33
34, 34
34, 34
34, 34
34, 34
35, 35
35, 35
35, 35
35, 35
36, 36
36, 36
36, 36
36, 36
37, 38
37, 37
37, 37
37, 37
38, 38
38, 38
38, 38
38, 38
39, 39
39, 39
39, 39
39, 39
E, 55
0, 0
0, 0
0, 0
0, 14
1, 1
1, 2
1, 1
1, 1
2, 2
2, 2
2, 2
2, 3
3, 3
3, 2
3, 3
3, 3
4, 4
4, 4
4, 14
4, 4
5, 5
5, 6
5, 3
5, 6
6, 6
6, 5
6, 5
6, 6
7, 7
7, 7
7, 7
7, 7
8, 8
8, 8
8, 8
8, 8
9, 9
9, 9
9, 9
9, 9
10, 10
10, 10
10, 10
10, 10
11, 11
11, 11
11, 11
11, 11
12, 12
12, 12
12, 12
12, 14
13, 14
13, 13
13, 13
13, 13
14, 14
14, 14
14, 14
14, 14
15, 10
15, 10
15, 10
15, 14
16, 11
16, 10
16, 10
16, 14
17, 17
17, 17
17, 17
17, 17
18, 18
18, 10
18, 18
18, 8
19, 19
19, 19
19, 19
19, 19
20, 20
20, 20
20, 20
20, 20
21, 36
21, 22
21, 33
21, 22
22, 22
22, 22
22, 22
22, 22
23, 25
23, 25
23, 24
23, 33
24, 24
24, 24
24, 24
24, 24
25, 26
25, 25
25, 25
25, 38
26, 26
26, 26
26, 26
26, 25
27, 27
27, 27
27, 27
27, 27
28, 28
28, 28
28, 28
28, 28
29, 29
29, 29
29, 25
29, 29
30, 30
30, 30
30, 30
30, 30
31, 31
31, 33
31, 31
31, 31
32, 32
32, 32
32, 32
32, 32
33, 33
33, 33
33, 33
33, 33
34, 34
34, 34
34, 34
34, 34
35, 35
35, 35
35, 35
35, 35
36, 36
36, 36
36, 36
36, 36
37, 28
37, 37
37, 37
37, 37
38, 38
38, 38
38, 38
38, 28
39, 39
39, 39
39, 39
39, 39
E, 56
0, 0
0, 0
0, 0
0, 14
1, 1
1, 12
1, 1
1, 1
2, 2
2, 2
2, 2
2, 3
3, 3
3, 2
3, 3
3, 3
4, 4
4, 4
4, 14
4, 4
5, 5
5, 6
5, 3
5, 6
6, 6
6, 5
6, 6
6, 6
7, 7
7, 7
7, 7
7, 7
8, 8
8, 8
8, 8
8, 8
9, 9
9, 9
9, 9
9, 9
10, 10
10, 10
10, 10
10, 10
11, 11
11, 11
11, 14
11, 11
12, 12
12, 12
12, 12
12, 14
13, 14
13, 13
13, 13
13, 13
14, 14
14, 14
14, 14
14, 14
15, 10
15, 10
15, 10
15, 14
16, 11
16, 14
16, 10
16, 14
17, 17
17, 17
17, 17
17, 17
18, 18
18, 17
18, 18
18, 18
19, 19
19, 19
19, 19
19, 19
20, 20
20, 20
20, 20
20, 20
21, 36
21, 22
21, 33
21, 22
22, 22
22, 22
22, 22
22, 22
23, 25
23, 25
23, 24
23, 33
24, 24
24, 24
24, 24
24, 24
25, 26
25, 25
25, 25
25, 38
26, 26
26, 26
26, 26
26, 25
27, 27
27, 27
27, 27
27, 27
28, 28
28, 28
28, 28
28, 28
29, 29
29, 29
29, 25
29, 29
30, 30
30, 30
30, 30
30, 30
31, 31
31, 33
31, 31
31, 31
32, 32
32, 32
32, 32
32, 32
33, 33
33, 33
33, 33
33, 33
34, 34
34, 34
34, 34
34, 34
35, 35
35, 35
35, 35
35, 35
36, 36
36, 36
36, 36
36, 36
37, 28
37, 37
37, 37
37, 37
38, 38
38, 38
38, 38
38, 28
39, 39
39, 39
39, 39
39, 39
E, 57
0, 0
0, 0
0, 0
0, 14
1, 1
1, 12
1, 1
1, 1
2, 2
2, 2
2, 2
2, 3
3, 3
3, 2
3, 3
3, 3
4, 4
4, 4
4, 14
4, 4
5, 5
5, 6
5, 3
5, 6
6, 6
6, 5
6, 6
6, 6
7, 7
7, 7
7, 7
7, 7
8, 8
8, 8
8, 8
8, 8
9, 9
9, 9
9, 9
9, 9
10, 10
10, 10
10, 10
10, 10
11, 11
11, 11
11, 14
11, 11
12, 12
12, 12
12, 12
12, 14
13, 0
13, 13
13, 13
13, 13
14, 14
14, 14
14, 14
14, 14
15, 10
15, 10
15, 10
15, 14
16, 11
16, 10
16, 10
16, 14
17, 17
17, 17
17, 17
17, 17
18, 18
18, 17
18, 18
18, 18
19, 19
19, 19
19, 19
19, 19
20, 20
20, 20
20, 20
20, 20
21, 36
21, 22
21, 33
21, 22
22, 22
22, 22
22, 22
22, 22
23, 25
23, 25
23, 24
23, 33
24, 24
24, 24
24, 24
24, 24
25, 26
25, 25
25, 25
25, 38
26, 26
26, 26
26, 26
26, 25
27, 27
27, 27
27, 27
27, 27
28, 28
28, 28
28, 28
28, 28
29, 29
29, 29
29, 25
29, 29
30, 30
30, 30
30, 30
30, 30
31, 31
31, 33
31, 31
31, 31
32, 32
32, 32
32, 32
32, 32
33, 33
33, 33
33, 33
33, 33
34, 34
34, 34
34, 34
34, 34
35, 35
35, 35
35, 35
35, 35
36, 36
36, 36
36, 36
36, 36
37, 28
37, 37
37, 37
37, 37
38, 38
38, 38
38, 38
38, 28
39, 39
39, 39
39, 39
39, 39
E, 58
0, 0
0, 0
0, 0
0, 14
1, 1
1, 12
1, 1
1, 1
2, 2
2, 2
2, 2
2, 3
3, 3
3, 2
3, 3
3, 3
4, 4
4, 4
4, 14
4, 4
5, 5
5, 6
5, 3
5, 6
6, 6
6, 5
6, 5
6, 6
7, 7
7, 7
7, 7
7, 7
8, 8
8, 2
8, 8
8, 8
9, 9
9, 9
9, 9
9, 9
10, 10
10, 10
10, 10
10, 10
11, 11
11, 11
11, 14
11, 11
12, 12
12, 12
12, 12
12, 14
13, 0
13, 13
13, 13
13, 13
14, 14
14, 14
14, 14
14, 14
15, 10
15, 10
15, 10
15, 14
16, 11
16, 14
16, 10
16, 14
17, 17
17, 17
17, 17
17, 17
18, 18
18, 17
18, 18
18, 18
19, 19
19, 19
19, 19
19, 19
20, 20
20, 20
20, 20
20, 20
21, 36
21, 22
21, 33
21, 22
22, 22
22, 22
22, 22
22, 22
23, 25
23, 25
23, 33
23, 33
24, 24
24, 24
24, 24
24, 24
25, 26
25, 25
25, 25
25, 38
26, 26
26, 26
26, 26
26, 25
27, 27
27, 27
27, 27
27, 27
28, 28
28, 28
28, 28
28, 28
29, 29
29, 29
29, 25
29, 29
30, 30
30, 30
30, 30
30, 30
31, 31
31, 33
31, 31
31, 31
32, 32
32, 32
32, 32
32, 32
33, 33
33, 33
33, 33
33, 33
34, 34
34, 34
34, 34
34, 34
35, 35
35, 35
35, 35
35, 35
36, 36
36, 36
36, 36
36, 36
37, 28
37, 37
37, 37
37, 37
38, 38
38, 38
38, 38
38, 28
39, 39
39, 39
39, 39
39, 39
E, 59
0, 0
0, 0
0, 0
0, 14
1, 1
1, 12
1, 1
1, 1
2, 2
2, 2
2, 2
2, 3
3, 3
3, 2
3, 3
3, 3
4, 4
4, 4
4, 14
4, 4
5, 5
5, 6
5, 3
5, 6
6, 6
6, 5
6, 5
6, 6
7, 7
7, 7
7, 7
7, 7
8, 8
8, 8
8, 8
8, 8
9, 9
9, 9
9, 9
9, 9
10, 10
10, 10
10, 10
10, 10
11, 11
11, 11
11, 11
11, 11
12, 12
12, 12
12, 12
12, 14
13, 14
13, 13
13, 13
13, 13
14, 14
14, 14
14, 14
14, 14
15, 10
15, 10
15, 10
15, 14
16, 11
16, 14
16, 10
16, 14
17, 17
17, 17
17, 17
17, 17
18, 18
18, 17
18, 18
18, 18
19, 19
19, 19
19, 19
19, 19
20, 20
20, 20
20, 20
20, 20
21, 36
21, 22
21, 33
21, 22
22, 22
22, 22
22, 22
22, 22
23, 25
23, 25
23, 33
23, 33
24, 24
24, 24
24, 24
24, 24
25, 26
25, 25
25, 25
25, 38
26, 26
26, 26
26, 26
26, 25
27, 27
27, 27
27, 27
27, 27
28, 28
28, 28
28, 28
28, 28
29, 29
29, 29
29, 25
29, 29
30, 30
30, 30
30, 30
30, 30
31, 31
31, 33
31, 31
31, 31
32, 32
32, 32
32, 32
32, 32
33, 33
33, 33
33, 33
33, 33
34, 34
34, 34
34, 34
34, 34
35, 35
35, 35
35, 35
35, 35
36, 36
36, 36
36, 36
36, 36
37, 28
37, 37
37, 37
37, 37
38, 38
38, 38
38, 38
38, 28
39, 39
39, 39
39, 39
39, 39
E, 60
0, 0
0, 0
0, 0
0, 14
1, 1
1, 2
1, 1
1, 1
2, 2
2, 2
2, 2
2, 3
3, 3
3, 2
3, 3
3, 3
4, 4
4, 4
4, 14
4, 4
5, 5
5, 6
5, 3
5, 6
6, 6
6, 5
6, 6
6, 6
7, 7
7, 7
7, 7
7, 7
8, 8
8, 8
8, 8
8, 8
9, 9
9, 9
9, 9
9, 9
10, 10
10, 10
10, 10
10, 10
11, 11
11, 11
11, 11
11, 11
12, 12
12, 12
12, 12
12, 14
13, 14
13, 13
13, 13
13, 13
14, 14
14, 14
14, 14
14, 14
15, 10
15, 10
15, 10
15, 14
16, 11
16, 10
16, 10
16, 14
17, 17
17, 17
17, 17
17, 17
18, 18
18, 17
18, 18
18, 8
19, 19
19, 19
19, 19
19, 19
20, 20
20, 20
20, 20
20, 20
21, 36
21, 22
21, 33
21, 22
22, 22
22, 22
22, 22
22, 22
23, 25
23, 25
23, 24
23, 33
24, 24
24, 24
24, 24
24, 24
25, 26
25, 25
25, 25
25, 38
26, 26
26, 26
26, 26
26, 25
27, 27
27, 27
27, 27
27, 27
28, 28
28, 28
28, 28
28, 28
29, 29
29, 29
29, 28
29, 29
30, 30
30, 30
30, 30
30, 30
31, 31
31, 26
31, 31
31, 31
32, 32
32, 32
32, 32
32, 32
33, 33
33, 33
33, 33
33, 33
34, 34
34, 34
34, 34
34, 34
35, 35
35, 35
35, 35
35, 35
36, 36
36, 36
36, 36
36, 36
37, 28
37, 37
37, 37
37, 37
38, 38
38, 38
38, 38
38, 28
39, 39
39, 39
39, 39
39, 39
E, 61
0, 0
0, 0
0, 0
0, 14
1, 1
1, 12
1, 1
1, 1
2, 2
2, 2
2, 2
2, 3
3, 3
3, 2
3, 3
3, 3
4, 4
4, 4
4, 14
4, 4
5, 5
5, 6
5, 3
5, 6
6, 6
6, 5
6, 5
6, 6
7, 7
7, 7
7, 7
7, 7
8, 8
8, 8
8, 8
8, 8
9, 9
9, 9
9, 9
9, 9
10, 10
10, 10
10, 10
10, 10
11, 11
11, 11
11, 11
11, 11
12, 12
12, 12
12, 12
12, 14
13, 0
13, 13
13, 13
13, 13
14, 14
14, 14
14, 14
14, 14
15, 10
15, 10
15, 10
15, 14
16, 11
16, 14
16, 10
16, 14
17, 17
17, 17
17, 17
17, 17
18, 18
18, 17
18, 18
18, 18
19, 19
19, 19
19, 19
19, 19
20, 20
20, 20
20, 20
20, 20
21, 36
21, 22
21, 33
21, 22
22, 22
22, 22
22, 22
22, 22
23, 25
23, 25
23, 33
23, 33
24, 24
24, 24
24, 24
24, 24
25, 26
25, 25
25, 25
25, 38
26, 26
26, 26
26, 26
26, 25
27, 27
27, 27
27, 27
27, 27
28, 28
28, 28
28, 28
28, 28
29, 29
29, 29
29, 25
29, 29
30, 30
30, 30
30, 30
30, 30
31, 31
31, 33
31, 31
31, 31
32, 32
32, 32
32, 32
32, 32
33, 33
33, 33
33, 33
33, 33
34, 34
34, 34
34, 34
34, 34
35, 35
35, 35
35, 35
35, 35
36, 36
36, 36
36, 36
36, 36
37, 28
37, 37
37, 37
37, 37
38, 38
38, 38
38, 38
38, 28
39, 39
39, 39
39, 39
39, 39
E, 62
0, 0
0, 0
0, 0
0, 14
1, 1
1, 12
1, 1
1, 1
2, 2
2, 2
2, 2
2, 2
3, 3
3, 2
3, 3
3, 3
4, 4
4, 4
4, 14
4, 4
5, 5
5, 6
5, 3
5, 6
6, 6
6, 5
6, 5
6, 6
7, 7
7, 7
7, 7
7, 7
8, 8
8, 8
8, 8
8, 8
9, 9
9, 9
9, 9
9, 0
10, 10
10, 10
10, 10
10, 10
11, 11
11, 11
11, 11
11, 11
12, 12
12, 12
12, 12
12, 14
13, 0
13, 13
13, 13
13, 13
14, 14
14, 14
14, 14
14, 14
15, 15
15, 15
15, 15
15, 14
16, 11
16, 15
16, 15
16, 14
17, 17
17, 17
17, 17
17, 17
18, 18
18, 17
18, 18
18, 18
19, 19
19, 19
19, 19
19, 19
20, 20
20, 20
20, 20
20, 20
21, 36
21, 22
21, 33
21, 22
22, 22
22, 22
22, 22
22, 22
23, 25
23, 25
23, 33
23, 33
24, 24
24, 24
24, 24
24, 24
25, 26
25, 25
25, 25
25, 38
26, 26
26, 26
26, 26
26, 25
27, 27
27, 27
27, 27
27, 27
28, 28
28, 28
28, 28
28, 28
29, 29
29, 29
29, 28
29, 29
30, 30
30, 30
30, 30
30, 30
31, 31
31, 33
31, 31
31, 31
32, 32
32, 32
32, 32
32, 32
33, 33
33, 33
33, 33
33, 33
34, 34
34, 34
34, 34
34, 34
35, 35
35, 35
35, 35
35, 35
36, 36
36, 36
36, 36
36, 36
37, 28
37, 37
37, 37
37, 37
38, 38
38, 38
38, 38
38, 28
39, 39
39, 39
39, 39
39, 39
E, 63
0, 0
0, 0
0, 0
0, 14
1, 1
1, 12
1, 1
1, 1
2, 2
2, 2
2, 2
2, 2
3, 3
3, 2
3, 3
3, 3
4, 4
4, 4
4, 15
4, 4
5, 5
5, 6
5, 3
5, 6
6, 6
6, 5
6, 5
6, 6
7, 7
7, 7
7, 7
7, 7
8, 8
8, 2
8, 8
8, 8
9, 9
9, 9
9, 9
9, 9
10, 10
10, 10
10, 10
10, 10
11, 11
11, 11
11, 11
11, 11
12, 12
12, 12
12, 12
12, 14
13, 0
13, 13
13, 13
13, 13
14, 14
14, 14
14, 14
14, 14
15, 15
15, 15
15, 15
15, 15
16, 15
16, 15
16, 15
16, 15
17, 17
17, 17
17, 17
17, 17
18, 18
18, 17
18, 18
18, 15
19, 19
19, 19
19, 19
19, 19
20, 20
20, 20
20, 20
20, 20
21, 36
21, 22
21, 33
21, 22
22, 22
22, 22
22, 22
22, 22
23, 25
23, 25
23, 33
23, 33
24, 24
24, 24
24, 24
24, 24
25, 26
25, 25
25, 25
25, 38
26, 26
26, 26
26, 26
26, 25
27, 27
27, 27
27, 27
27, 27
28, 28
28, 28
28, 28
28, 28
29, 29
29, 29
29, 25
29, 29
30, 30
30, 30
30, 30
30, 30
31, 31
31, 33
31, 31
31, 31
32, 32
32, 32
32, 32
32, 32
33, 33
33, 33
33, 33
33, 33
34, 34
34, 34
34, 34
34, 34
35, 35
35, 35
35, 35
35, 35
36, 36
36, 36
36, 36
36, 36
37, 28
37, 37
37, 37
37, 37
38, 38
38, 38
38, 38
38, 28
39, 39
39, 39
39, 39
39, 39
E, 64
0, 0
0, 0
0, 0
0, 14
1, 1
1, 12
1, 1
1, 1
2, 2
2, 2
2, 2
2, 2
3, 3
3, 2
3, 3
3, 3
4, 4
4, 4
4, 15
4, 4
5, 5
5, 6
5, 3
5, 6
6, 6
6, 5
6, 5
6, 6
7, 7
7, 15
7, 7
7, 7
8, 8
8, 8
8, 8
8, 8
9, 9
9, 9
9, 9
9, 0
10, 10
10, 10
10, 10
10, 10
11, 11
11, 11
11, 11
11, 11
12, 12
12, 12
12, 12
12, 15
13, 14
13, 13
13, 13
13, 13
14, 14
14, 14
14, 14
14, 14
15, 15
15, 15
15, 15
15, 15
16, 15
16, 15
16, 15
16, 15
17, 17
17, 17
17, 17
17, 17
18, 18
18, 17
18, 18
18, 15
19, 19
19, 19
19, 19
19, 19
20, 20
20, 20
20, 20
20, 20
21, 36
21, 22
21, 33
21, 22
22, 22
22, 22
22, 22
22, 22
23, 25
23, 25
23, 24
23, 33
24, 24
24, 24
24, 24
24, 24
25, 26
25, 25
25, 25
25, 38
26, 26
26, 26
26, 26
26, 25
27, 27
27, 27
27, 27
27, 27
28, 28
28, 28
28, 28
28, 28
29, 29
29, 29
29, 28
29, 29
30, 30
30, 30
30, 30
30, 30
31, 31
31, 33
31, 31
31, 31
32, 32
32, 32
32, 32
32, 32
33, 33
33, 33
33, 33
33, 33
34, 34
34, 34
34, 34
34, 34
35, 35
35, 35
35, 35
35, 35
36, 36
36, 36
36, 36
36, 36
37, 28
37, 37
37, 37
37, 37
38, 38
38, 38
38, 38
38, 28
39, 39
39, 39
39, 39
39, 39
E, 65
0, 0
0, 0
0, 0
0, 14
1, 1
1, 12
1, 1
1, 1
2, 2
2, 2
2, 2
2, 2
3, 3
3, 2
3, 3
3, 3
4, 4
4, 4
4, 15
4, 4
5, 5
5, 6
5, 3
5, 6
6, 6
6, 5
6, 5
6, 6
7, 7
7, 15
7, 7
7, 7
8, 8
8, 8
8, 8
8, 8
9, 9
9, 9
9, 9
9, 11
10, 10
10, 10
10, 10
10, 10
11, 11
11, 11
11, 11
11, 11
12, 12
12, 12
12, 12
12, 15
13, 14
13, 13
13, 13
13, 13
14, 14
14, 14
14, 14
14, 14
15, 15
15, 15
15, 15
15, 15
16, 15
16, 15
16, 15
16, 15
17, 17
17, 17
17, 17
17, 17
18, 18
18, 17
18, 18
18, 15
19, 19
19, 19
19, 19
19, 19
20, 20
20, 20
20, 20
20, 20
21, 36
21, 22
21, 33
21, 22
22, 22
22, 22
22, 22
22, 22
23, 25
23, 25
23, 24
23, 33
24, 24
24, 24
24, 24
24, 24
25, 26
25, 25
25, 25
25, 38
26, 26
26, 26
26, 26
26, 25
27, 27
27, 27
27, 27
27, 27
28, 28
28, 28
28, 28
28, 28
29, 29
29, 29
29, 25
29, 29
30, 30
30, 30
30, 30
30, 30
31, 31
31, 33
31, 31
31, 31
32, 32
32, 32
32, 32
32, 32
33, 33
33, 33
33, 33
33, 33
34, 34
34, 34
34, 34
34, 34
35, 35
35, 35
35, 35
35, 35
36, 36
36, 36
36, 36
36, 36
37, 28
37, 37
37, 37
37, 37
38, 38
38, 38
38, 38
38, 28
39, 39
39, 39
39, 39
39, 39
E, 66
0, 0
0, 0
0, 0
0, 14
1, 1
1, 12
1, 1
1, 1
2, 2
2, 2
2, 2
2, 2
3, 3
3, 2
3, 3
3, 3
4, 4
4, 4
4, 15
4, 4
5, 5
5, 6
5, 3
5, 6
6, 6
6, 5
6, 5
6, 6
7, 7
7, 15
7, 7
7, 7
8, 8
8, 2
8, 8
8, 8
9, 9
9, 9
9, 9
9, 0
10, 10
10, 10
10, 10
10, 10
11, 11
11, 11
11, 11
11, 11
12, 12
12, 12
12, 12
12, 14
13, 0
13, 13
13, 13
13, 13
14, 14
14, 14
14, 14
14, 14
15, 15
15, 15
15, 15
15, 15
16, 15
16, 15
16, 15
16, 15
17, 17
17, 17
17, 17
17, 17
18, 18
18, 17
18, 18
18, 15
19, 19
19, 19
19, 19
19, 19
20, 20
20, 20
20, 20
20, 20
21, 36
21, 22
21, 33
21, 22
22, 22
22, 22
22, 22
22, 22
23, 25
23, 22
23, 33
23, 33
24, 24
24, 24
24, 24
24, 24
25, 26
25, 25
25, 25
25, 38
26, 26
26, 26
26, 26
26, 25
27, 27
27, 27
27, 27
27, 27
28, 28
28, 28
28, 28
28, 28
29, 29
29, 29
29, 25
29, 29
30, 30
30, 30
30, 30
30, 30
31, 31
31, 33
31, 31
31, 31
32, 32
32, 32
32, 32
32, 32
33, 33
33, 33
33, 33
33, 33
34, 34
34, 34
34, 34
34, 34
35, 35
35, 35
35, 35
35, 35
36, 36
36, 36
36, 36
36, 36
37, 28
37, 37
37, 37
37, 37
38, 38
38, 38
38, 38
38, 28
39, 39
39, 39
39, 39
39, 39
E, 67
0, 0
0, 0
0, 0
0, 14
1, 1
1, 12
1, 1
1, 1
2, 2
2, 2
2, 2
2, 2
3, 3
3, 2
3, 3
3, 3
4, 4
4, 4
4, 15
4, 4
5, 5
5, 6
5, 3
5, 6
6, 6
6, 5
6, 5
6, 6
7, 7
7, 7
7, 7
7, 7
8, 8
8, 8
8, 8
8, 8
9, 9
9, 9
9, 9
9, 0
10, 10
10, 10
10, 10
10, 10
11, 11
11, 11
11, 11
11, 11
12, 12
12, 12
12, 12
12, 15
13, 0
13, 13
13, 13
13, 13
14, 14
14, 14
14, 14
14, 14
15, 15
15, 15
15, 15
15, 15
16, 15
16, 15
16, 15
16, 15
17, 17
17, 17
17, 17
17, 17
18, 18
18, 17
18, 18
18, 15
19, 19
19, 19
19, 19
19, 19
20, 20
20, 20
20, 20
20, 20
21, 36
21, 22
21, 33
21, 22
22, 22
22, 22
22, 22
22, 22
23, 25
23, 25
23, 24
23, 33
24, 24
24, 24
24, 24
24, 24
25, 26
25, 25
25, 32
25, 38
26, 26
26, 26
26, 26
26, 25
27, 27
27, 27
27, 27
27, 27
28, 28
28, 28
28, 28
28, 28
29, 29
29, 29
29, 28
29, 29
30, 30
30, 30
30, 30
30, 30
31, 31
31, 33
31, 31
31, 31
32, 32
32, 32
32, 32
32, 32
33, 33
33, 33
33, 33
33, 33
34, 34
34, 34
34, 34
34, 34
35, 35
35, 35
35, 35
35, 35
36, 36
36, 36
36, 36
36, 36
37, 28
37, 37
37, 37
37, 37
38, 38
38, 38
38, 38
38, 28
39, 39
39, 39
39, 39
39, 39
E, 68
0, 0
0, 0
0, 0
0, 14
1, 1
1, 2
1, 1
1, 1
2, 2
2, 2
2, 2
2, 2
3, 3
3, 2
3, 3
3, 3
4, 4
4, 4
4, 15
4, 4
5, 5
5, 6
5, 3
5, 6
6, 6
6, 5
6, 5
6, 6
7, 7
7, 7
7, 7
7, 7
8, 8
8, 8
8, 8
8, 8
9, 9
9, 9
9, 9
9, 0
10, 10
10, 10
10, 10
10, 10
11, 11
11, 11
11, 11
11, 11
12, 12
12, 12
12, 12
12, 14
13, 0
13, 13
13, 13
13, 13
14, 14
14, 14
14, 14
14, 14
15, 15
15, 15
15, 15
15, 15
16, 15
16, 15
16, 15
16, 15
17, 17
17, 17
17, 17
17, 17
18, 18
18, 17
18, 18
18, 15
19, 19
19, 19
19, 19
19, 19
20, 20
20, 20
20, 20
20, 20
21, 36
21, 22
21, 33
21, 22
22, 22
22, 22
22, 22
22, 22
23, 25
23, 22
23, 24
23, 33
24, 24
24, 24
24, 24
24, 24
25, 26
25, 25
25, 25
25, 38
26, 26
26, 26
26, 26
26, 25
27, 27
27, 27
27, 27
27, 27
28, 28
28, 28
28, 28
28, 28
29, 29
29, 29
29, 28
29, 29
30, 30
30, 30
30, 30
30, 30
31, 31
31, 33
31, 31
31, 31
32, 32
32, 32
32, 32
32, 32
33, 33
33, 33
33, 33
33, 33
34, 34
34, 34
34, 34
34, 34
35, 35
35, 35
35, 35
35, 35
36, 36
36, 36
36, 36
36, 36
37, 28
37, 37
37, 37
37, 37
38, 38
38, 38
38, 38
38, 28
39, 39
39, 39
39, 39
39, 39
E, 69
0, 0
0, 0
0, 0
0, 14
1, 1
1, 12
1, 1
1, 1
2, 2
2, 2
2, 2
2, 3
3, 3
3, 2
3, 3
3, 3
4, 4
4, 4
4, 15
4, 4
5, 5
5, 6
5, 3
5, 6
6, 6
6, 5
6, 5
6, 6
7, 7
7, 7
7, 7
7, 7
8, 8
8, 8
8, 8
8, 8
9, 9
9, 9
9, 9
9, 9
10, 10
10, 10
10, 10
10, 10
11, 11
11, 11
11, 11
11, 11
12, 12
12, 12
12, 12
12, 14
13, 14
13, 13
13, 13
13, 13
14, 14
14, 14
14, 14
14, 14
15, 15
15, 15
15, 15
15, 15
16, 15
16, 15
16, 15
16, 15
17, 17
17, 17
17, 17
17, 17
18, 18
18, 17
18, 18
18, 15
19, 19
19, 19
19, 19
19, 19
20, 20
20, 20
20, 20
20, 20
21, 36
21, 22
21, 33
21, 22
22, 22
22, 22
22, 22
22, 22
23, 25
23, 25
23, 24
23, 33
24, 24
24, 24
24, 24
24, 24
25, 26
25, 25
25, 25
25, 38
26, 26
26, 26
26, 26
26, 25
27, 27
27, 27
27, 27
27, 27
28, 28
28, 28
28, 28
28, 28
29, 29
29, 29
29, 28
29, 29
30, 30
30, 30
30, 30
30, 30
31, 31
31, 33
31, 31
31, 31
32, 32
32, 32
32, 32
32, 32
33, 33
33, 33
33, 33
33, 33
34, 34
34, 34
34, 34
34, 34
35, 35
35, 35
35, 35
35, 35
36, 36
36, 36
36, 36
36, 36
37, 28
37, 37
37, 37
37, 37
38, 38
38, 38
38, 38
38, 28
39, 39
39, 39
39, 39
39, 39
E, 70
0, 0
0, 0
0, 0
0, 14
1, 1
1, 12
1, 1
1, 1
2, 2
2, 2
2, 2
2, 2
3, 3
3, 2
3, 3
3, 3
4, 4
4, 4
4, 15
4, 4
5, 5
5, 6
5, 3
5, 6
6, 6
6, 5
6, 5
6, 6
7, 7
7, 7
7, 7
7, 7
8, 8
8, 8
8, 8
8, 8
9, 9
9, 9
9, 9
9, 9
10, 10
10, 10
10, 10
10, 10
11, 11
11, 11
11, 11
11, 11
12, 12
12, 12
12, 12
12, 14
13, 14
13, 13
13, 13
13, 13
14, 14
14, 14
14, 14
14, 14
15, 15
15, 15
15, 15
15, 15
16, 15
16, 15
16, 15
16, 15
17, 17
17, 17
17, 17
17, 17
18, 18
18, 17
18, 18
18, 18
19, 19
19, 19
19, 19
19, 19
20, 20
20, 20
20, 20
20, 20
21, 36
21, 22
21, 33
21, 22
22, 22
22, 22
22, 22
22, 22
23, 25
23, 25
23, 24
23, 33
24, 24
24, 24
24, 24
24, 24
25, 26
25, 25
25, 25
25, 38
26, 26
26, 26
26, 26
26, 25
27, 27
27, 27
27, 27
27, 27
28, 28
28, 28
28, 28
28, 28
29, 29
29, 29
29, 28
29, 29
30, 30
30, 30
30, 30
30, 30
31, 31
31, 33
31, 31
31, 31
32, 32
32, 32
32, 32
32, 32
33, 33
33, 33
33, 33
33, 33
34, 34
34, 34
34, 34
34, 34
35, 35
35, 35
35, 35
35, 35
36, 36
36, 36
36, 36
36, 36
37, 28
37, 37
37, 37
37, 37
38, 38
38, 38
38, 38
38, 28
39, 39
39, 39
39, 39
39, 39
E, 71
0, 0
0, 0
0, 0
0, 14
1, 1
1, 12
1, 1
1, 1
2, 2
2, 2
2, 2
2, 2
3, 3
3, 2
3, 3
3, 3
4, 4
4, 4
4, 15
4, 4
5, 5
5, 6
5, 3
5, 6
6, 6
6, 5
6, 5
6, 6
7, 7
7, 7
7, 7
7, 7
8, 8
8, 8
8, 8
8, 8
9, 9
9, 9
9, 9
9, 0
10, 10
10, 10
10, 10
10, 10
11, 11
11, 11
11, 11
11, 11
12, 12
12, 12
12, 12
12, 14
13, 0
13, 13
13, 13
13, 13
14, 14
14, 14
14, 14
14, 14
15, 15
15, 15
15, 15
15, 15
16, 15
16, 15
16, 15
16, 15
17, 17
17, 17
17, 17
17, 17
18, 18
18, 17
18, 18
18, 18
19, 19
19, 19
19, 19
19, 19
20, 20
20, 20
20, 20
20, 20
21, 36
21, 22
21, 33
21, 22
22, 22
22, 22
22, 22
22, 22
23, 25
23, 25
23, 33
23, 33
24, 24
24, 24
24, 24
24, 24
25, 26
25, 25
25, 25
25, 38
26, 26
26, 26
26, 26
26, 25
27, 27
27, 27
27, 27
27, 27
28, 28
28, 28
28, 28
28, 28
29, 29
29, 29
29, 28
29, 29
30, 30
30, 30
30, 30
30, 30
31, 31
31, 33
31, 31
31, 31
32, 32
32, 32
32, 32
32, 32
33, 33
33, 33
33, 33
33, 33
34, 34
34, 34
34, 34
34, 34
35, 35
35, 35
35, 35
35, 35
36, 36
36, 36
36, 36
36, 36
37, 28
37, 37
37, 37
37, 37
38, 38
38, 38
38, 38
38, 28
39, 39
39, 39
39, 39
39, 39
