1 0.025 0.027739251040221916
2 0.05 0.0319001386962552
3 0.06875 0.07489597780859916
4 0.09375 0.12066574202496533
5 0.1 0.17475728155339806
6 0.13125 0.1914008321775312
7 0.125 0.21081830790568654
8 0.11875 0.2274618585298197
9 0.1 0.22052704576976423
10 0.075 0.20527045769764216
11 0.06875 0.18585298196948682
12 0.05 0.12205270457697642
13 0.05625 0.1289875173370319
14 0.08125 0.17753120665742025
15 0.10625 0.23994452149791956
16 0.15 0.2843273231622746
17 0.1875 0.29680998613037446
18 0.2125 0.36754507628294036
19 0.25625 0.3814147018030513
20 0.2375 0.34535367545076284
21 0.24375 0.34396671289875175
22 0.275 0.37031900138696255
23 0.3375 0.42302357836338417
24 0.34375 0.4535367545076283
25 0.3875 0.5034674063800277
26 0.4375 0.5478502080443828
27 0.46875 0.5811373092926491
28 0.525 0.6171983356449375
29 0.5125 0.6227461858529819
30 0.575 0.6560332871012483
31 0.6 0.6837725381414702
32 0.6125 0.6962552011095701
33 0.63125 0.7156726768377254
34 0.63125 0.7267683772538142
35 0.65625 0.7558945908460472
36 0.6625 0.7586685159500693
37 0.6625 0.7586685159500693
38 0.7 0.7794729542302358
39 0.7 0.782246879334258
40 0.6875 0.7836338418862691
41 0.7 0.7850208044382802
42 0.70625 0.7850208044382802
43 0.70625 0.7919556171983356
44 0.73125 0.8321775312066574
45 0.73125 0.840499306518724
46 0.71875 0.8626907073509015
47 0.73125 0.8654646324549237
48 0.76875 0.8848821081830791
49 0.775 0.9070735090152566
50 0.79375 0.9056865464632455
51 0.76875 0.9084604715672677
52 0.8125 0.9084604715672677
53 0.78125 0.9084604715672677
54 0.8 0.9098474341192788
55 0.825 0.9292649098474342
56 0.79375 0.9320388349514563
57 0.8625 0.9528432732316228
58 0.8625 0.9625520110957004
59 0.86875 0.9750346740638003
60 0.875 0.9750346740638003
61 0.88125 0.9750346740638003
62 0.88125 0.9750346740638003
63 0.88125 0.9750346740638003
64 0.89375 0.9764216366158114
65 0.89375 0.9764216366158114
66 0.8875 0.9764216366158114
67 0.88125 0.9764216366158114
68 0.8875 0.9764216366158114
69 0.89375 0.9764216366158114
70 0.9 0.9764216366158114
71 0.9 0.9778085991678225
72 0.89375 0.9778085991678225
73 0.9 0.9778085991678225
74 0.89375 0.9778085991678225
75 0.9 0.9778085991678225
76 0.90625 0.9778085991678225
77 0.9 0.9778085991678225
78 0.9 0.9778085991678225
79 0.90625 0.9778085991678225
80 0.9 0.9778085991678225
81 0.9125 0.9778085991678225
82 0.90625 0.9778085991678225
83 0.91875 0.9778085991678225
84 0.90625 0.9778085991678225
85 0.90625 0.9778085991678225
86 0.90625 0.9778085991678225
87 0.9 0.9778085991678225
88 0.90625 0.9778085991678225
89 0.90625 0.9778085991678225
90 0.90625 0.9778085991678225
91 0.9125 0.9778085991678225
92 0.90625 0.9778085991678225
93 0.90625 0.9778085991678225
94 0.9125 0.9778085991678225
95 0.9125 0.9778085991678225
96 0.90625 0.9778085991678225
97 0.90625 0.9778085991678225
98 0.90625 0.9778085991678225
99 0.9125 0.9778085991678225
100 0.90625 0.9778085991678225
101 0.90625 0.9778085991678225
102 0.91875 0.9778085991678225
103 0.91875 0.9833564493758669
104 0.9 1.0
105 0.90625 1.0
106 0.90625 1.0
107 0.9125 1.0
108 0.9125 1.0
109 0.90625 1.0
110 0.9125 1.0
111 0.90625 1.0
112 0.9 1.0
113 0.9125 1.0
114 0.91875 1.0
115 0.91875 1.0
116 0.9125 1.0
117 0.91875 1.0
118 0.9125 1.0
119 0.90625 1.0
120 0.90625 1.0
121 0.925 1.0
122 0.90625 1.0
123 0.9 1.0
124 0.91875 1.0
125 0.9 1.0
126 0.9125 1.0
127 0.9125 1.0
128 0.9125 1.0
129 0.91875 1.0
130 0.91875 1.0
131 0.91875 1.0
132 0.9125 1.0
133 0.91875 1.0
134 0.925 1.0
135 0.91875 1.0
136 0.9125 1.0
137 0.91875 1.0
138 0.91875 1.0
139 0.925 1.0
140 0.91875 1.0
141 0.91875 1.0
142 0.91875 1.0
143 0.91875 1.0
144 0.91875 1.0
145 0.9125 1.0
146 0.91875 1.0
147 0.925 1.0
148 0.925 1.0
149 0.91875 1.0
150 0.925 1.0
151 0.925 1.0
152 0.9125 1.0
153 0.925 1.0
154 0.91875 1.0
155 0.91875 1.0
156 0.91875 1.0
157 0.91875 1.0
158 0.91875 1.0
159 0.925 1.0
160 0.925 1.0
161 0.91875 1.0
162 0.925 1.0
163 0.91875 1.0
164 0.925 1.0
165 0.925 1.0
166 0.925 1.0
167 0.925 1.0
168 0.91875 1.0
169 0.925 1.0
170 0.93125 1.0
171 0.91875 1.0
172 0.91875 1.0
173 0.91875 1.0
174 0.925 1.0
175 0.925 1.0
176 0.925 1.0
177 0.91875 1.0
178 0.925 1.0
179 0.925 1.0
180 0.91875 1.0
181 0.91875 1.0
182 0.925 1.0
183 0.925 1.0
184 0.91875 1.0
185 0.925 1.0
186 0.925 1.0
187 0.93125 1.0
188 0.925 1.0
189 0.91875 1.0
190 0.91875 1.0
191 0.91875 1.0
192 0.93125 1.0
193 0.93125 1.0
194 0.925 1.0
195 0.9125 1.0
196 0.90625 1.0
197 0.91875 1.0
198 0.925 1.0
199 0.9125 1.0
200 0.925 1.0
201 0.925 1.0
